Command line
python /home/anaconda3/bin/chemprop_train --data_path runs/mol_chemprop_multi/models_chemprop/train_all.csv --dataset_type regression --target_columns D --save_dir runs/mol_chemprop_multi/models_chemprop --num_folds 5 --epochs 200 --batch_size 64 --metric rmse --seed 42 --quiet
Args
{'activation': 'ReLU',
 'adding_bond_types': True,
 'adding_h': False,
 'aggregation': 'mean',
 'aggregation_norm': 100,
 'atom_constraints': [],
 'atom_descriptor_scaling': True,
 'atom_descriptors': None,
 'atom_descriptors_path': None,
 'atom_descriptors_size': 0,
 'atom_features_size': 0,
 'atom_messages': False,
 'atom_targets': [],
 'batch_size': 64,
 'bias': False,
 'bias_solvent': False,
 'bond_constraints': [],
 'bond_descriptor_scaling': True,
 'bond_descriptors': None,
 'bond_descriptors_path': None,
 'bond_descriptors_size': 0,
 'bond_features_size': 0,
 'bond_targets': [],
 'cache_cutoff': 10000,
 'checkpoint_dir': None,
 'checkpoint_frzn': None,
 'checkpoint_path': None,
 'checkpoint_paths': None,
 'class_balance': False,
 'config_path': None,
 'constraints_path': None,
 'crossval_index_dir': None,
 'crossval_index_file': None,
 'crossval_index_sets': None,
 'cuda': True,
 'data_path': 'runs/mol_chemprop_multi/models_chemprop/train_all.csv',
 'data_weights_path': None,
 'dataset_type': 'regression',
 'depth': 3,
 'depth_solvent': 3,
 'device': device(type='cuda'),
 'dropout': 0.0,
 'empty_cache': False,
 'ensemble_size': 1,
 'epochs': 200,
 'evidential_regularization': 0,
 'explicit_h': False,
 'extra_metrics': [],
 'features_generator': None,
 'features_only': False,
 'features_path': None,
 'features_scaling': True,
 'features_size': None,
 'ffn_hidden_size': 300,
 'ffn_num_layers': 2,
 'final_lr': 0.0001,
 'folds_file': None,
 'freeze_first_only': False,
 'frzn_ffn_layers': 0,
 'gpu': None,
 'grad_clip': None,
 'hidden_size': 300,
 'hidden_size_solvent': 300,
 'ignore_columns': None,
 'init_lr': 0.0001,
 'is_atom_bond_targets': False,
 'keeping_atom_map': False,
 'log_frequency': 10,
 'loss_function': 'mse',
 'max_data_size': None,
 'max_lr': 0.001,
 'metric': 'rmse',
 'metrics': ['rmse'],
 'minimize_score': True,
 'mpn_shared': False,
 'multiclass_num_classes': 3,
 'no_adding_bond_types': False,
 'no_atom_descriptor_scaling': False,
 'no_bond_descriptor_scaling': False,
 'no_cache_mol': False,
 'no_cuda': False,
 'no_features_scaling': False,
 'no_shared_atom_bond_ffn': False,
 'num_folds': 5,
 'num_lrs': 1,
 'num_tasks': 1,
 'num_workers': 8,
 'number_of_molecules': 1,
 'overwrite_default_atom_features': False,
 'overwrite_default_bond_features': False,
 'phase_features_path': None,
 'pytorch_seed': 0,
 'quiet': True,
 'reaction': False,
 'reaction_mode': 'reac_diff',
 'reaction_solvent': False,
 'resume_experiment': False,
 'save_dir': 'runs/mol_chemprop_multi/models_chemprop',
 'save_preds': False,
 'save_smiles_splits': False,
 'seed': 42,
 'separate_test_atom_descriptors_path': None,
 'separate_test_bond_descriptors_path': None,
 'separate_test_constraints_path': None,
 'separate_test_features_path': None,
 'separate_test_path': None,
 'separate_test_phase_features_path': None,
 'separate_val_atom_descriptors_path': None,
 'separate_val_bond_descriptors_path': None,
 'separate_val_constraints_path': None,
 'separate_val_features_path': None,
 'separate_val_path': None,
 'separate_val_phase_features_path': None,
 'shared_atom_bond_ffn': True,
 'show_individual_scores': False,
 'smiles_columns': ['smiles'],
 'spectra_activation': 'exp',
 'spectra_phase_mask_path': None,
 'spectra_target_floor': 1e-08,
 'split_key_molecule': 0,
 'split_sizes': [0.8, 0.1, 0.1],
 'split_type': 'random',
 'target_columns': ['D'],
 'target_weights': None,
 'task_names': ['D'],
 'test': False,
 'test_fold_index': None,
 'train_data_size': None,
 'undirected': False,
 'use_input_features': False,
 'val_fold_index': None,
 'warmup_epochs': 2.0,
 'weights_ffn_num_layers': 2}
Setting molecule featurization parameters to default.
Loading data
Number of tasks = 1
Fold 0
Splitting data with seed 42
Total size = 303 | train size = 242 | val size = 30 | test size = 31
Fitting scaler
Building model 0
MoleculeModel(
  (encoder): MPN(
    (encoder): ModuleList(
      (0): MPNEncoder(
        (dropout): Dropout(p=0.0, inplace=False)
        (act_func): ReLU()
        (W_i): Linear(in_features=147, out_features=300, bias=False)
        (W_h): Linear(in_features=300, out_features=300, bias=False)
        (W_o): Linear(in_features=433, out_features=300, bias=True)
      )
    )
  )
  (readout): Sequential(
    (0): Dropout(p=0.0, inplace=False)
    (1): Linear(in_features=300, out_features=300, bias=True)
    (2): ReLU()
    (3): Dropout(p=0.0, inplace=False)
    (4): Linear(in_features=300, out_features=1, bias=True)
  )
)
Number of parameters = 355,201
Moving model to cuda
Epoch 0
Validation rmse = 0.451755
Epoch 1
Validation rmse = 0.444834
Epoch 2
Loss = 7.7377e-01, PNorm = 34.0401, GNorm = 2.4495, lr_0 = 9.7701e-04
Validation rmse = 0.436382
Epoch 3
Validation rmse = 0.450631
Epoch 4
Validation rmse = 0.324019
Epoch 5
Loss = 4.3888e-01, PNorm = 34.1024, GNorm = 4.7470, lr_0 = 9.3623e-04
Validation rmse = 0.268817
Epoch 6
Validation rmse = 0.377054
Epoch 7
Loss = 3.6674e-01, PNorm = 34.1524, GNorm = 4.7748, lr_0 = 9.0063e-04
Validation rmse = 0.374277
Epoch 8
Validation rmse = 0.267648
Epoch 9
Validation rmse = 0.223017
Epoch 10
Loss = 1.6253e-01, PNorm = 34.2017, GNorm = 1.6633, lr_0 = 8.6303e-04
Validation rmse = 0.184206
Epoch 11
Validation rmse = 0.177536
Epoch 12
Validation rmse = 0.169267
Epoch 13
Loss = 8.8674e-02, PNorm = 34.2528, GNorm = 2.1929, lr_0 = 8.3022e-04
Validation rmse = 0.165330
Epoch 14
Validation rmse = 0.163247
Epoch 15
Loss = 8.1801e-02, PNorm = 34.2966, GNorm = 10.9598, lr_0 = 7.9556e-04
Validation rmse = 0.153736
Epoch 16
Validation rmse = 0.152858
Epoch 17
Validation rmse = 0.216873
Epoch 18
Loss = 8.4025e-02, PNorm = 34.3217, GNorm = 1.8486, lr_0 = 7.6531e-04
Validation rmse = 0.198233
Epoch 19
Validation rmse = 0.162826
Epoch 20
Validation rmse = 0.170974
Epoch 21
Loss = 5.5267e-02, PNorm = 34.3418, GNorm = 6.2319, lr_0 = 7.3336e-04
Validation rmse = 0.165832
Epoch 22
Validation rmse = 0.149505
Epoch 23
Loss = 6.7443e-02, PNorm = 34.3631, GNorm = 11.1200, lr_0 = 7.0275e-04
Validation rmse = 0.146071
Epoch 24
Validation rmse = 0.131868
Epoch 25
Validation rmse = 0.128529
Epoch 26
Loss = 3.0970e-02, PNorm = 34.3778, GNorm = 1.4852, lr_0 = 6.7603e-04
Validation rmse = 0.139914
Epoch 27
Validation rmse = 0.140091
Epoch 28
Validation rmse = 0.128974
Epoch 29
Loss = 2.5765e-02, PNorm = 34.3938, GNorm = 2.9441, lr_0 = 6.4781e-04
Validation rmse = 0.116415
Epoch 30
Validation rmse = 0.126236
Epoch 31
Loss = 2.5719e-02, PNorm = 34.4055, GNorm = 1.3874, lr_0 = 6.2318e-04
Validation rmse = 0.120314
Epoch 32
Validation rmse = 0.121689
Epoch 33
Validation rmse = 0.124203
Epoch 34
Loss = 2.4181e-02, PNorm = 34.4185, GNorm = 2.0672, lr_0 = 5.9716e-04
Validation rmse = 0.117113
Epoch 35
Validation rmse = 0.121722
Epoch 36
Validation rmse = 0.111531
Epoch 37
Loss = 1.6075e-02, PNorm = 34.4311, GNorm = 0.8836, lr_0 = 5.7224e-04
Validation rmse = 0.111802
Epoch 38
Validation rmse = 0.119221
Epoch 39
Loss = 1.9270e-02, PNorm = 34.4426, GNorm = 1.5744, lr_0 = 5.5048e-04
Validation rmse = 0.109873
Epoch 40
Validation rmse = 0.111743
Epoch 41
Validation rmse = 0.108752
Epoch 42
Loss = 1.4004e-02, PNorm = 34.4542, GNorm = 0.4731, lr_0 = 5.2750e-04
Validation rmse = 0.108027
Epoch 43
Validation rmse = 0.119740
Epoch 44
Loss = 2.0846e-02, PNorm = 34.4649, GNorm = 0.6245, lr_0 = 5.0744e-04
Validation rmse = 0.141589
Epoch 45
Validation rmse = 0.162716
Epoch 46
Validation rmse = 0.159840
Epoch 47
Loss = 4.1162e-02, PNorm = 34.4743, GNorm = 8.1578, lr_0 = 4.8626e-04
Validation rmse = 0.131610
Epoch 48
Validation rmse = 0.112862
Epoch 49
Validation rmse = 0.123202
Epoch 50
Loss = 2.1705e-02, PNorm = 34.4843, GNorm = 4.4259, lr_0 = 4.6777e-04
Validation rmse = 0.118583
Epoch 51
Validation rmse = 0.103518
Epoch 52
Loss = 1.6659e-02, PNorm = 34.4958, GNorm = 0.9309, lr_0 = 4.4824e-04
Validation rmse = 0.126364
Epoch 53
Validation rmse = 0.123519
Epoch 54
Validation rmse = 0.103658
Epoch 55
Loss = 1.5947e-02, PNorm = 34.5041, GNorm = 1.1155, lr_0 = 4.2953e-04
Validation rmse = 0.110420
Epoch 56
Validation rmse = 0.102113
Epoch 57
Validation rmse = 0.101840
Epoch 58
Loss = 2.0364e-02, PNorm = 34.5127, GNorm = 2.3355, lr_0 = 4.1320e-04
Validation rmse = 0.108545
Epoch 59
Validation rmse = 0.104357
Epoch 60
Loss = 1.5665e-02, PNorm = 34.5221, GNorm = 3.6653, lr_0 = 3.9595e-04
Validation rmse = 0.107213
Epoch 61
Validation rmse = 0.116077
Epoch 62
Validation rmse = 0.102636
Epoch 63
Loss = 1.4856e-02, PNorm = 34.5299, GNorm = 1.4594, lr_0 = 3.8090e-04
Validation rmse = 0.100091
Epoch 64
Validation rmse = 0.102856
Epoch 65
Validation rmse = 0.099492
Epoch 66
Loss = 6.5230e-03, PNorm = 34.5380, GNorm = 0.1760, lr_0 = 3.6500e-04
Validation rmse = 0.098211
Epoch 67
Validation rmse = 0.101524
Epoch 68
Loss = 1.2689e-02, PNorm = 34.5447, GNorm = 1.6555, lr_0 = 3.5112e-04
Loss = 6.8581e-03, PNorm = 34.5454, GNorm = 1.0335, lr_0 = 3.4976e-04
Validation rmse = 0.097933
Epoch 69
Validation rmse = 0.105233
Epoch 70
Validation rmse = 0.109159
Epoch 71
Loss = 1.4217e-02, PNorm = 34.5525, GNorm = 3.8559, lr_0 = 3.3646e-04
Validation rmse = 0.098753
Epoch 72
Validation rmse = 0.100883
Epoch 73
Validation rmse = 0.099055
Epoch 74
Loss = 4.3896e-03, PNorm = 34.5593, GNorm = 0.7708, lr_0 = 3.2242e-04
Validation rmse = 0.099641
Epoch 75
Validation rmse = 0.099462
Epoch 76
Loss = 8.6679e-03, PNorm = 34.5660, GNorm = 0.4026, lr_0 = 3.1016e-04
Validation rmse = 0.096750
Epoch 77
Validation rmse = 0.097337
Epoch 78
Validation rmse = 0.097486
Epoch 79
Loss = 1.0859e-02, PNorm = 34.5723, GNorm = 0.7178, lr_0 = 2.9721e-04
Validation rmse = 0.102208
Epoch 80
Validation rmse = 0.098185
Epoch 81
Loss = 1.1482e-02, PNorm = 34.5779, GNorm = 2.5643, lr_0 = 2.8591e-04
Validation rmse = 0.100125
Epoch 82
Validation rmse = 0.102556
Epoch 83
Validation rmse = 0.096702
Epoch 84
Loss = 1.1559e-02, PNorm = 34.5840, GNorm = 2.7906, lr_0 = 2.7397e-04
Validation rmse = 0.110976
Epoch 85
Validation rmse = 0.094994
Epoch 86
Validation rmse = 0.108087
Epoch 87
Loss = 1.1484e-02, PNorm = 34.5895, GNorm = 0.8829, lr_0 = 2.6254e-04
Validation rmse = 0.094144
Epoch 88
Validation rmse = 0.106403
Epoch 89
Loss = 1.1439e-02, PNorm = 34.5944, GNorm = 3.6625, lr_0 = 2.5256e-04
Validation rmse = 0.096487
Epoch 90
Validation rmse = 0.097711
Epoch 91
Validation rmse = 0.096906
Epoch 92
Loss = 9.0577e-03, PNorm = 34.5998, GNorm = 3.2985, lr_0 = 2.4201e-04
Validation rmse = 0.103989
Epoch 93
Validation rmse = 0.093957
Epoch 94
Validation rmse = 0.095879
Epoch 95
Loss = 8.8561e-03, PNorm = 34.6041, GNorm = 1.8630, lr_0 = 2.3281e-04
Validation rmse = 0.096548
Epoch 96
Validation rmse = 0.104592
Epoch 97
Loss = 9.9788e-03, PNorm = 34.6084, GNorm = 1.2348, lr_0 = 2.2309e-04
Validation rmse = 0.096377
Epoch 98
Validation rmse = 0.095008
Epoch 99
Validation rmse = 0.100138
Epoch 100
Loss = 8.7591e-03, PNorm = 34.6131, GNorm = 1.0385, lr_0 = 2.1461e-04
Validation rmse = 0.095334
Epoch 101
Validation rmse = 0.094592
Epoch 102
Validation rmse = 0.095799
Epoch 103
Loss = 3.4755e-03, PNorm = 34.6176, GNorm = 0.5790, lr_0 = 2.0565e-04
Validation rmse = 0.095823
Epoch 104
Validation rmse = 0.094487
Epoch 105
Loss = 9.1877e-03, PNorm = 34.6214, GNorm = 1.2547, lr_0 = 1.9783e-04
Loss = 5.2193e-03, PNorm = 34.6217, GNorm = 0.2931, lr_0 = 1.9707e-04
Validation rmse = 0.096886
Epoch 106
Validation rmse = 0.095212
Epoch 107
Validation rmse = 0.094738
Epoch 108
Loss = 6.0582e-03, PNorm = 34.6255, GNorm = 1.2695, lr_0 = 1.8957e-04
Validation rmse = 0.094737
Epoch 109
Validation rmse = 0.094315
Epoch 110
Validation rmse = 0.096945
Epoch 111
Loss = 1.0219e-02, PNorm = 34.6295, GNorm = 2.0447, lr_0 = 1.8166e-04
Validation rmse = 0.095904
Epoch 112
Validation rmse = 0.093891
Epoch 113
Loss = 8.7455e-03, PNorm = 34.6327, GNorm = 0.9187, lr_0 = 1.7475e-04
Validation rmse = 0.094665
Epoch 114
Validation rmse = 0.095557
Epoch 115
Validation rmse = 0.093391
Epoch 116
Loss = 8.9322e-03, PNorm = 34.6365, GNorm = 0.1659, lr_0 = 1.6746e-04
Validation rmse = 0.093856
Epoch 117
Validation rmse = 0.093897
Epoch 118
Validation rmse = 0.093811
Epoch 119
Loss = 8.4506e-03, PNorm = 34.6401, GNorm = 1.2993, lr_0 = 1.6047e-04
Validation rmse = 0.097000
Epoch 120
Validation rmse = 0.093439
Epoch 121
Loss = 8.8149e-03, PNorm = 34.6430, GNorm = 0.3499, lr_0 = 1.5437e-04
Validation rmse = 0.093520
Epoch 122
Validation rmse = 0.093554
Epoch 123
Validation rmse = 0.093827
Epoch 124
Loss = 6.0842e-03, PNorm = 34.6462, GNorm = 0.1886, lr_0 = 1.4792e-04
Validation rmse = 0.092702
Epoch 125
Validation rmse = 0.094363
Epoch 126
Loss = 8.1805e-03, PNorm = 34.6488, GNorm = 0.4636, lr_0 = 1.4230e-04
Validation rmse = 0.095926
Epoch 127
Validation rmse = 0.095321
Epoch 128
Validation rmse = 0.091719
Epoch 129
Loss = 7.8456e-03, PNorm = 34.6517, GNorm = 1.8731, lr_0 = 1.3636e-04
Validation rmse = 0.093197
Epoch 130
Validation rmse = 0.097205
Epoch 131
Validation rmse = 0.092828
Epoch 132
Loss = 2.4809e-03, PNorm = 34.6543, GNorm = 0.4147, lr_0 = 1.3117e-04
Validation rmse = 0.092399
Epoch 133
Validation rmse = 0.097633
Epoch 134
Loss = 8.4871e-03, PNorm = 34.6570, GNorm = 0.5377, lr_0 = 1.2570e-04
Validation rmse = 0.096322
Epoch 135
Validation rmse = 0.095835
Epoch 136
Validation rmse = 0.092068
Epoch 137
Loss = 7.4564e-03, PNorm = 34.6594, GNorm = 1.7452, lr_0 = 1.2092e-04
Validation rmse = 0.093331
Epoch 138
Validation rmse = 0.096727
Epoch 139
Validation rmse = 0.093315
Epoch 140
Loss = 1.0671e-02, PNorm = 34.6620, GNorm = 1.0817, lr_0 = 1.1587e-04
Validation rmse = 0.098252
Epoch 141
Validation rmse = 0.094707
Epoch 142
Loss = 8.1099e-03, PNorm = 34.6641, GNorm = 1.4883, lr_0 = 1.1103e-04
Validation rmse = 0.096673
Epoch 143
Validation rmse = 0.092845
Epoch 144
Validation rmse = 0.094583
Epoch 145
Loss = 8.4972e-03, PNorm = 34.6662, GNorm = 0.5587, lr_0 = 1.0681e-04
Validation rmse = 0.092031
Epoch 146
Validation rmse = 0.091585
Epoch 147
Validation rmse = 0.093228
Epoch 148
Loss = 6.8658e-03, PNorm = 34.6681, GNorm = 1.0963, lr_0 = 1.0235e-04
Validation rmse = 0.092031
Epoch 149
Validation rmse = 0.092367
Epoch 150
Loss = 7.6371e-03, PNorm = 34.6700, GNorm = 0.2219, lr_0 = 1.0000e-04
Loss = 3.7067e-03, PNorm = 34.6701, GNorm = 0.1751, lr_0 = 1.0000e-04
Validation rmse = 0.091150
Epoch 151
Validation rmse = 0.091606
Epoch 152
Validation rmse = 0.092367
Epoch 153
Loss = 9.9262e-03, PNorm = 34.6719, GNorm = 1.0452, lr_0 = 1.0000e-04
Validation rmse = 0.093304
Epoch 154
Validation rmse = 0.091867
Epoch 155
Validation rmse = 0.092400
Epoch 156
Loss = 1.3224e-02, PNorm = 34.6739, GNorm = 0.5918, lr_0 = 1.0000e-04
Validation rmse = 0.091362
Epoch 157
Validation rmse = 0.091585
Epoch 158
Loss = 7.7151e-03, PNorm = 34.6757, GNorm = 1.1356, lr_0 = 1.0000e-04
Validation rmse = 0.092650
Epoch 159
Validation rmse = 0.091069
Epoch 160
Validation rmse = 0.091406
Epoch 161
Loss = 5.8001e-03, PNorm = 34.6776, GNorm = 0.3432, lr_0 = 1.0000e-04
Validation rmse = 0.091461
Epoch 162
Validation rmse = 0.091739
Epoch 163
Loss = 6.6486e-03, PNorm = 34.6794, GNorm = 0.9786, lr_0 = 1.0000e-04
Validation rmse = 0.091252
Epoch 164
Validation rmse = 0.091557
Epoch 165
Validation rmse = 0.091539
Epoch 166
Loss = 6.9371e-03, PNorm = 34.6814, GNorm = 0.9230, lr_0 = 1.0000e-04
Validation rmse = 0.091285
Epoch 167
Validation rmse = 0.091222
Epoch 168
Validation rmse = 0.092427
Epoch 169
Loss = 4.4312e-03, PNorm = 34.6831, GNorm = 0.5760, lr_0 = 1.0000e-04
Validation rmse = 0.091595
Epoch 170
Validation rmse = 0.093297
Epoch 171
Loss = 6.6920e-03, PNorm = 34.6851, GNorm = 0.7337, lr_0 = 1.0000e-04
Validation rmse = 0.091504
Epoch 172
Validation rmse = 0.091990
Epoch 173
Validation rmse = 0.090967
Epoch 174
Loss = 7.2298e-03, PNorm = 34.6871, GNorm = 0.9824, lr_0 = 1.0000e-04
Validation rmse = 0.091079
Epoch 175
Validation rmse = 0.091328
Epoch 176
Validation rmse = 0.091575
Epoch 177
Loss = 3.3128e-03, PNorm = 34.6889, GNorm = 1.2339, lr_0 = 1.0000e-04
Validation rmse = 0.092808
Epoch 178
Validation rmse = 0.090480
Epoch 179
Loss = 6.3328e-03, PNorm = 34.6908, GNorm = 0.0983, lr_0 = 1.0000e-04
Validation rmse = 0.090579
Epoch 180
Validation rmse = 0.091678
Epoch 181
Validation rmse = 0.090615
Epoch 182
Loss = 6.8330e-03, PNorm = 34.6926, GNorm = 0.3053, lr_0 = 1.0000e-04
Validation rmse = 0.090694
Epoch 183
Validation rmse = 0.090655
Epoch 184
Validation rmse = 0.092616
Epoch 185
Loss = 2.1367e-03, PNorm = 34.6947, GNorm = 1.1393, lr_0 = 1.0000e-04
Validation rmse = 0.091087
Epoch 186
Validation rmse = 0.092190
Epoch 187
Loss = 7.2872e-03, PNorm = 34.6964, GNorm = 0.7140, lr_0 = 1.0000e-04
Loss = 4.5604e-03, PNorm = 34.6966, GNorm = 0.7856, lr_0 = 1.0000e-04
Validation rmse = 0.090863
Epoch 188
Validation rmse = 0.090940
Epoch 189
Validation rmse = 0.091003
Epoch 190
Loss = 4.0704e-03, PNorm = 34.6984, GNorm = 0.3051, lr_0 = 1.0000e-04
Validation rmse = 0.090096
Epoch 191
Validation rmse = 0.090146
Epoch 192
Validation rmse = 0.090245
Epoch 193
Loss = 8.7810e-03, PNorm = 34.7004, GNorm = 0.2028, lr_0 = 1.0000e-04
Validation rmse = 0.090787
Epoch 194
Validation rmse = 0.090271
Epoch 195
Loss = 5.8559e-03, PNorm = 34.7021, GNorm = 0.1588, lr_0 = 1.0000e-04
Validation rmse = 0.089724
Epoch 196
Validation rmse = 0.091123
Epoch 197
Validation rmse = 0.090477
Epoch 198
Loss = 7.1757e-03, PNorm = 34.7040, GNorm = 0.2299, lr_0 = 1.0000e-04
Validation rmse = 0.090696
Epoch 199
Validation rmse = 0.090149
Model 0 best validation rmse = 0.089724 on epoch 195
Loading pretrained parameter "encoder.encoder.0.cached_zero_vector".
Loading pretrained parameter "encoder.encoder.0.W_i.weight".
Loading pretrained parameter "encoder.encoder.0.W_h.weight".
Loading pretrained parameter "encoder.encoder.0.W_o.weight".
Loading pretrained parameter "encoder.encoder.0.W_o.bias".
Loading pretrained parameter "readout.1.weight".
Loading pretrained parameter "readout.1.bias".
Loading pretrained parameter "readout.4.weight".
Loading pretrained parameter "readout.4.bias".
Moving model to cuda
Model 0 test rmse = 0.304839
Ensemble test rmse = 0.304839
Fold 1
Splitting data with seed 43
Total size = 303 | train size = 242 | val size = 30 | test size = 31
Fitting scaler
Building model 0
MoleculeModel(
  (encoder): MPN(
    (encoder): ModuleList(
      (0): MPNEncoder(
        (dropout): Dropout(p=0.0, inplace=False)
        (act_func): ReLU()
        (W_i): Linear(in_features=147, out_features=300, bias=False)
        (W_h): Linear(in_features=300, out_features=300, bias=False)
        (W_o): Linear(in_features=433, out_features=300, bias=True)
      )
    )
  )
  (readout): Sequential(
    (0): Dropout(p=0.0, inplace=False)
    (1): Linear(in_features=300, out_features=300, bias=True)
    (2): ReLU()
    (3): Dropout(p=0.0, inplace=False)
    (4): Linear(in_features=300, out_features=1, bias=True)
  )
)
Number of parameters = 355,201
Moving model to cuda
Epoch 0
Validation rmse = 0.554331
Epoch 1
Validation rmse = 0.542844
Epoch 2
Loss = 9.1880e-01, PNorm = 34.0323, GNorm = 7.9498, lr_0 = 9.7701e-04
Validation rmse = 0.535695
Epoch 3
Validation rmse = 0.501749
Epoch 4
Validation rmse = 0.507217
Epoch 5
Loss = 6.8022e-01, PNorm = 34.0709, GNorm = 1.8372, lr_0 = 9.3623e-04
Validation rmse = 0.467349
Epoch 6
Validation rmse = 0.456764
Epoch 7
Loss = 5.6512e-01, PNorm = 34.1186, GNorm = 1.1443, lr_0 = 9.0063e-04
Validation rmse = 0.418866
Epoch 8
Validation rmse = 0.368828
Epoch 9
Validation rmse = 0.352169
Epoch 10
Loss = 3.5261e-01, PNorm = 34.1819, GNorm = 3.5798, lr_0 = 8.6303e-04
Validation rmse = 0.300901
Epoch 11
Validation rmse = 0.271391
Epoch 12
Validation rmse = 0.298248
Epoch 13
Loss = 3.0484e-01, PNorm = 34.2318, GNorm = 10.9260, lr_0 = 8.3022e-04
Validation rmse = 0.272466
Epoch 14
Validation rmse = 0.397787
Epoch 15
Loss = 2.8957e-01, PNorm = 34.2733, GNorm = 8.5534, lr_0 = 7.9556e-04
Validation rmse = 0.400220
Epoch 16
Validation rmse = 0.348530
Epoch 17
Validation rmse = 0.293222
Epoch 18
Loss = 2.0674e-01, PNorm = 34.3100, GNorm = 3.2121, lr_0 = 7.6531e-04
Validation rmse = 0.304549
Epoch 19
Validation rmse = 0.208055
Epoch 20
Validation rmse = 0.197450
Epoch 21
Loss = 8.7185e-02, PNorm = 34.3574, GNorm = 2.0009, lr_0 = 7.3336e-04
Validation rmse = 0.229157
Epoch 22
Validation rmse = 0.177381
Epoch 23
Loss = 8.1021e-02, PNorm = 34.3978, GNorm = 2.5148, lr_0 = 7.0275e-04
Validation rmse = 0.163790
Epoch 24
Validation rmse = 0.153044
Epoch 25
Validation rmse = 0.178382
Epoch 26
Loss = 4.7722e-02, PNorm = 34.4314, GNorm = 2.7987, lr_0 = 6.7603e-04
Validation rmse = 0.143978
Epoch 27
Validation rmse = 0.145551
Epoch 28
Validation rmse = 0.145262
Epoch 29
Loss = 4.3315e-02, PNorm = 34.4600, GNorm = 3.9965, lr_0 = 6.4781e-04
Validation rmse = 0.136329
Epoch 30
Validation rmse = 0.139344
Epoch 31
Loss = 2.8119e-02, PNorm = 34.4814, GNorm = 0.2926, lr_0 = 6.2318e-04
Validation rmse = 0.136248
Epoch 32
Validation rmse = 0.140522
Epoch 33
Validation rmse = 0.136572
Epoch 34
Loss = 2.6264e-02, PNorm = 34.5018, GNorm = 1.3731, lr_0 = 5.9716e-04
Validation rmse = 0.139186
Epoch 35
Validation rmse = 0.140259
Epoch 36
Validation rmse = 0.137691
Epoch 37
Loss = 2.3465e-02, PNorm = 34.5173, GNorm = 1.5285, lr_0 = 5.7224e-04
Validation rmse = 0.135752
Epoch 38
Validation rmse = 0.138480
Epoch 39
Loss = 2.1834e-02, PNorm = 34.5308, GNorm = 1.6585, lr_0 = 5.5048e-04
Validation rmse = 0.145676
Epoch 40
Validation rmse = 0.140173
Epoch 41
Validation rmse = 0.136604
Epoch 42
Loss = 1.6965e-02, PNorm = 34.5428, GNorm = 2.8211, lr_0 = 5.2750e-04
Validation rmse = 0.137297
Epoch 43
Validation rmse = 0.134090
Epoch 44
Loss = 1.7092e-02, PNorm = 34.5539, GNorm = 0.6401, lr_0 = 5.0744e-04
Validation rmse = 0.149095
Epoch 45
Validation rmse = 0.141241
Epoch 46
Validation rmse = 0.135858
Epoch 47
Loss = 1.6617e-02, PNorm = 34.5645, GNorm = 0.9672, lr_0 = 4.8626e-04
Validation rmse = 0.134362
Epoch 48
Validation rmse = 0.138564
Epoch 49
Validation rmse = 0.147097
Epoch 50
Loss = 2.0333e-02, PNorm = 34.5733, GNorm = 3.3133, lr_0 = 4.6777e-04
Validation rmse = 0.143904
Epoch 51
Validation rmse = 0.137337
Epoch 52
Loss = 1.5567e-02, PNorm = 34.5816, GNorm = 1.8257, lr_0 = 4.4824e-04
Validation rmse = 0.136453
Epoch 53
Validation rmse = 0.134411
Epoch 54
Validation rmse = 0.136840
Epoch 55
Loss = 1.5759e-02, PNorm = 34.5909, GNorm = 1.4148, lr_0 = 4.2953e-04
Validation rmse = 0.144113
Epoch 56
Validation rmse = 0.138836
Epoch 57
Validation rmse = 0.134941
Epoch 58
Loss = 8.4231e-03, PNorm = 34.5993, GNorm = 1.3883, lr_0 = 4.1320e-04
Validation rmse = 0.136328
Epoch 59
Validation rmse = 0.137471
Epoch 60
Loss = 1.2836e-02, PNorm = 34.6075, GNorm = 1.3533, lr_0 = 3.9595e-04
Validation rmse = 0.135085
Epoch 61
Validation rmse = 0.137153
Epoch 62
Validation rmse = 0.136468
Epoch 63
Loss = 1.3306e-02, PNorm = 34.6147, GNorm = 0.5672, lr_0 = 3.8090e-04
Validation rmse = 0.138283
Epoch 64
Validation rmse = 0.137036
Epoch 65
Validation rmse = 0.135991
Epoch 66
Loss = 6.3034e-03, PNorm = 34.6218, GNorm = 0.7058, lr_0 = 3.6500e-04
Validation rmse = 0.138771
Epoch 67
Validation rmse = 0.135524
Epoch 68
Loss = 1.1005e-02, PNorm = 34.6283, GNorm = 0.4019, lr_0 = 3.5112e-04
Loss = 7.2102e-03, PNorm = 34.6289, GNorm = 0.2475, lr_0 = 3.4976e-04
Validation rmse = 0.141347
Epoch 69
Validation rmse = 0.139882
Epoch 70
Validation rmse = 0.136246
Epoch 71
Loss = 7.1597e-03, PNorm = 34.6354, GNorm = 1.0578, lr_0 = 3.3646e-04
Validation rmse = 0.136930
Epoch 72
Validation rmse = 0.136908
Epoch 73
Validation rmse = 0.137691
Epoch 74
Loss = 1.3668e-02, PNorm = 34.6424, GNorm = 0.4049, lr_0 = 3.2242e-04
Validation rmse = 0.138485
Epoch 75
Validation rmse = 0.140586
Epoch 76
Loss = 1.1262e-02, PNorm = 34.6484, GNorm = 1.7767, lr_0 = 3.1016e-04
Validation rmse = 0.137412
Epoch 77
Validation rmse = 0.136267
Epoch 78
Validation rmse = 0.136666
Epoch 79
Loss = 6.4103e-03, PNorm = 34.6545, GNorm = 0.2954, lr_0 = 2.9721e-04
Validation rmse = 0.138404
Epoch 80
Validation rmse = 0.137564
Epoch 81
Loss = 8.2745e-03, PNorm = 34.6599, GNorm = 0.4727, lr_0 = 2.8591e-04
Validation rmse = 0.138064
Epoch 82
Validation rmse = 0.137250
Epoch 83
Validation rmse = 0.137299
Epoch 84
Loss = 8.4709e-03, PNorm = 34.6656, GNorm = 0.8008, lr_0 = 2.7397e-04
Validation rmse = 0.136548
Epoch 85
Validation rmse = 0.137127
Epoch 86
Validation rmse = 0.140338
Epoch 87
Loss = 7.7480e-03, PNorm = 34.6711, GNorm = 0.3573, lr_0 = 2.6254e-04
Validation rmse = 0.137125
Epoch 88
Validation rmse = 0.137241
Epoch 89
Loss = 9.1401e-03, PNorm = 34.6760, GNorm = 1.2276, lr_0 = 2.5256e-04
Validation rmse = 0.139072
Epoch 90
Validation rmse = 0.142826
Epoch 91
Validation rmse = 0.135897
Epoch 92
Loss = 9.0073e-03, PNorm = 34.6813, GNorm = 2.4764, lr_0 = 2.4201e-04
Validation rmse = 0.137225
Epoch 93
Validation rmse = 0.145242
Epoch 94
Validation rmse = 0.140199
Epoch 95
Loss = 1.0768e-02, PNorm = 34.6856, GNorm = 1.0430, lr_0 = 2.3281e-04
Validation rmse = 0.137031
Epoch 96
Validation rmse = 0.137012
Epoch 97
Loss = 7.9290e-03, PNorm = 34.6899, GNorm = 0.4122, lr_0 = 2.2309e-04
Validation rmse = 0.140577
Epoch 98
Validation rmse = 0.136386
Epoch 99
Validation rmse = 0.137260
Epoch 100
Loss = 1.0232e-02, PNorm = 34.6944, GNorm = 0.4105, lr_0 = 2.1461e-04
Validation rmse = 0.138368
Epoch 101
Validation rmse = 0.138119
Epoch 102
Validation rmse = 0.138219
Epoch 103
Loss = 9.8126e-03, PNorm = 34.6988, GNorm = 0.3166, lr_0 = 2.0565e-04
Validation rmse = 0.141481
Epoch 104
Validation rmse = 0.139950
Epoch 105
Loss = 4.7206e-03, PNorm = 34.7023, GNorm = 0.1638, lr_0 = 1.9783e-04
Loss = 1.6719e-02, PNorm = 34.7027, GNorm = 0.5028, lr_0 = 1.9707e-04
Validation rmse = 0.136771
Epoch 106
Validation rmse = 0.137393
Epoch 107
Validation rmse = 0.139385
Epoch 108
Loss = 9.7299e-03, PNorm = 34.7061, GNorm = 0.8231, lr_0 = 1.8957e-04
Validation rmse = 0.137892
Epoch 109
Validation rmse = 0.140740
Epoch 110
Validation rmse = 0.137490
Epoch 111
Loss = 9.4302e-03, PNorm = 34.7099, GNorm = 1.3854, lr_0 = 1.8166e-04
Validation rmse = 0.139684
Epoch 112
Validation rmse = 0.139676
Epoch 113
Loss = 5.8881e-03, PNorm = 34.7130, GNorm = 0.5122, lr_0 = 1.7475e-04
Validation rmse = 0.137382
Epoch 114
Validation rmse = 0.139499
Epoch 115
Validation rmse = 0.139694
Epoch 116
Loss = 9.6205e-03, PNorm = 34.7167, GNorm = 0.3543, lr_0 = 1.6746e-04
Validation rmse = 0.137357
Epoch 117
Validation rmse = 0.138045
Epoch 118
Validation rmse = 0.139876
Epoch 119
Loss = 6.2039e-03, PNorm = 34.7201, GNorm = 0.8998, lr_0 = 1.6047e-04
Validation rmse = 0.137954
Epoch 120
Validation rmse = 0.137430
Epoch 121
Loss = 6.2017e-03, PNorm = 34.7230, GNorm = 0.1837, lr_0 = 1.5437e-04
Validation rmse = 0.138837
Epoch 122
Validation rmse = 0.139119
Epoch 123
Validation rmse = 0.137923
Epoch 124
Loss = 8.5018e-03, PNorm = 34.7262, GNorm = 0.3657, lr_0 = 1.4792e-04
Validation rmse = 0.140420
Epoch 125
Validation rmse = 0.138040
Epoch 126
Loss = 6.0270e-03, PNorm = 34.7288, GNorm = 0.4023, lr_0 = 1.4230e-04
Validation rmse = 0.139062
Epoch 127
Validation rmse = 0.138317
Epoch 128
Validation rmse = 0.138422
Epoch 129
Loss = 5.9869e-03, PNorm = 34.7316, GNorm = 0.2215, lr_0 = 1.3636e-04
Validation rmse = 0.138158
Epoch 130
Validation rmse = 0.139580
Epoch 131
Validation rmse = 0.138023
Epoch 132
Loss = 3.3582e-03, PNorm = 34.7341, GNorm = 0.3002, lr_0 = 1.3117e-04
Validation rmse = 0.136970
Epoch 133
Validation rmse = 0.140284
Epoch 134
Loss = 6.3152e-03, PNorm = 34.7367, GNorm = 0.3817, lr_0 = 1.2570e-04
Validation rmse = 0.137085
Epoch 135
Validation rmse = 0.141585
Epoch 136
Validation rmse = 0.136691
Epoch 137
Loss = 7.8580e-03, PNorm = 34.7387, GNorm = 0.6419, lr_0 = 1.2092e-04
Validation rmse = 0.140340
Epoch 138
Validation rmse = 0.137052
Epoch 139
Validation rmse = 0.137731
Epoch 140
Loss = 4.6814e-03, PNorm = 34.7411, GNorm = 0.2651, lr_0 = 1.1587e-04
Validation rmse = 0.137901
Epoch 141
Validation rmse = 0.138057
Epoch 142
Loss = 5.7603e-03, PNorm = 34.7435, GNorm = 0.3149, lr_0 = 1.1103e-04
Validation rmse = 0.138417
Epoch 143
Validation rmse = 0.137045
Epoch 144
Validation rmse = 0.140425
Epoch 145
Loss = 4.7388e-03, PNorm = 34.7454, GNorm = 1.1830, lr_0 = 1.0681e-04
Validation rmse = 0.136531
Epoch 146
Validation rmse = 0.139928
Epoch 147
Validation rmse = 0.136906
Epoch 148
Loss = 9.3846e-03, PNorm = 34.7475, GNorm = 0.7953, lr_0 = 1.0235e-04
Validation rmse = 0.138918
Epoch 149
Validation rmse = 0.136875
Epoch 150
Loss = 6.4928e-03, PNorm = 34.7494, GNorm = 0.3778, lr_0 = 1.0000e-04
Loss = 3.0558e-03, PNorm = 34.7496, GNorm = 0.5846, lr_0 = 1.0000e-04
Validation rmse = 0.138429
Epoch 151
Validation rmse = 0.138238
Epoch 152
Validation rmse = 0.137950
Epoch 153
Loss = 7.5698e-03, PNorm = 34.7516, GNorm = 0.5995, lr_0 = 1.0000e-04
Validation rmse = 0.137467
Epoch 154
Validation rmse = 0.137374
Epoch 155
Validation rmse = 0.138193
Epoch 156
Loss = 2.5501e-03, PNorm = 34.7536, GNorm = 0.3294, lr_0 = 1.0000e-04
Validation rmse = 0.137599
Epoch 157
Validation rmse = 0.138715
Epoch 158
Loss = 6.2628e-03, PNorm = 34.7555, GNorm = 0.9775, lr_0 = 1.0000e-04
Validation rmse = 0.138309
Epoch 159
Validation rmse = 0.137005
Epoch 160
Validation rmse = 0.140878
Epoch 161
Loss = 6.2948e-03, PNorm = 34.7577, GNorm = 0.4586, lr_0 = 1.0000e-04
Validation rmse = 0.136758
Epoch 162
Validation rmse = 0.139515
Epoch 163
Loss = 5.3267e-03, PNorm = 34.7596, GNorm = 0.4870, lr_0 = 1.0000e-04
Validation rmse = 0.137285
Epoch 164
Validation rmse = 0.138676
Epoch 165
Validation rmse = 0.137382
Epoch 166
Loss = 4.3601e-03, PNorm = 34.7617, GNorm = 0.6285, lr_0 = 1.0000e-04
Validation rmse = 0.137178
Epoch 167
Validation rmse = 0.138959
Epoch 168
Validation rmse = 0.137657
Epoch 169
Loss = 3.2283e-03, PNorm = 34.7636, GNorm = 0.5330, lr_0 = 1.0000e-04
Validation rmse = 0.137654
Epoch 170
Validation rmse = 0.138434
Epoch 171
Loss = 5.1479e-03, PNorm = 34.7658, GNorm = 0.3159, lr_0 = 1.0000e-04
Validation rmse = 0.138234
Epoch 172
Validation rmse = 0.139159
Epoch 173
Validation rmse = 0.137228
Epoch 174
Loss = 5.6940e-03, PNorm = 34.7680, GNorm = 0.7350, lr_0 = 1.0000e-04
Validation rmse = 0.141419
Epoch 175
Validation rmse = 0.137112
Epoch 176
Validation rmse = 0.141451
Epoch 177
Loss = 8.6265e-03, PNorm = 34.7699, GNorm = 1.4937, lr_0 = 1.0000e-04
Validation rmse = 0.137551
Epoch 178
Validation rmse = 0.138226
Epoch 179
Loss = 5.0926e-03, PNorm = 34.7719, GNorm = 0.4307, lr_0 = 1.0000e-04
Validation rmse = 0.139371
Epoch 180
Validation rmse = 0.137222
Epoch 181
Validation rmse = 0.139004
Epoch 182
Loss = 4.3303e-03, PNorm = 34.7738, GNorm = 0.1944, lr_0 = 1.0000e-04
Validation rmse = 0.137546
Epoch 183
Validation rmse = 0.139550
Epoch 184
Validation rmse = 0.137363
Epoch 185
Loss = 9.3207e-03, PNorm = 34.7760, GNorm = 0.7070, lr_0 = 1.0000e-04
Validation rmse = 0.138676
Epoch 186
Validation rmse = 0.138083
Epoch 187
Loss = 4.9197e-03, PNorm = 34.7778, GNorm = 1.0682, lr_0 = 1.0000e-04
Loss = 6.1115e-03, PNorm = 34.7781, GNorm = 0.2850, lr_0 = 1.0000e-04
Validation rmse = 0.137651
Epoch 188
Validation rmse = 0.138782
Epoch 189
Validation rmse = 0.138392
Epoch 190
Loss = 4.3241e-03, PNorm = 34.7799, GNorm = 0.7440, lr_0 = 1.0000e-04
Validation rmse = 0.137135
Epoch 191
Validation rmse = 0.140053
Epoch 192
Validation rmse = 0.136790
Epoch 193
Loss = 3.4392e-03, PNorm = 34.7819, GNorm = 1.1611, lr_0 = 1.0000e-04
Validation rmse = 0.138623
Epoch 194
Validation rmse = 0.138689
Epoch 195
Loss = 5.4145e-03, PNorm = 34.7838, GNorm = 0.3381, lr_0 = 1.0000e-04
Validation rmse = 0.137544
Epoch 196
Validation rmse = 0.139902
Epoch 197
Validation rmse = 0.137552
Epoch 198
Loss = 5.6379e-03, PNorm = 34.7859, GNorm = 0.4731, lr_0 = 1.0000e-04
Validation rmse = 0.138709
Epoch 199
Validation rmse = 0.139716
Model 0 best validation rmse = 0.134090 on epoch 43
Loading pretrained parameter "encoder.encoder.0.cached_zero_vector".
Loading pretrained parameter "encoder.encoder.0.W_i.weight".
Loading pretrained parameter "encoder.encoder.0.W_h.weight".
Loading pretrained parameter "encoder.encoder.0.W_o.weight".
Loading pretrained parameter "encoder.encoder.0.W_o.bias".
Loading pretrained parameter "readout.1.weight".
Loading pretrained parameter "readout.1.bias".
Loading pretrained parameter "readout.4.weight".
Loading pretrained parameter "readout.4.bias".
Moving model to cuda
Model 0 test rmse = 0.128077
Ensemble test rmse = 0.128077
Fold 2
Splitting data with seed 44
Total size = 303 | train size = 242 | val size = 30 | test size = 31
Fitting scaler
Building model 0
MoleculeModel(
  (encoder): MPN(
    (encoder): ModuleList(
      (0): MPNEncoder(
        (dropout): Dropout(p=0.0, inplace=False)
        (act_func): ReLU()
        (W_i): Linear(in_features=147, out_features=300, bias=False)
        (W_h): Linear(in_features=300, out_features=300, bias=False)
        (W_o): Linear(in_features=433, out_features=300, bias=True)
      )
    )
  )
  (readout): Sequential(
    (0): Dropout(p=0.0, inplace=False)
    (1): Linear(in_features=300, out_features=300, bias=True)
    (2): ReLU()
    (3): Dropout(p=0.0, inplace=False)
    (4): Linear(in_features=300, out_features=1, bias=True)
  )
)
Number of parameters = 355,201
Moving model to cuda
Epoch 0
Validation rmse = 0.526554
Epoch 1
Validation rmse = 0.483728
Epoch 2
Loss = 7.0933e-01, PNorm = 34.0401, GNorm = 1.5668, lr_0 = 9.7701e-04
Validation rmse = 0.465552
Epoch 3
Validation rmse = 0.486465
Epoch 4
Validation rmse = 0.403567
Epoch 5
Loss = 5.0193e-01, PNorm = 34.0908, GNorm = 5.9414, lr_0 = 9.3623e-04
Validation rmse = 0.419177
Epoch 6
Validation rmse = 0.341501
Epoch 7
Loss = 3.4379e-01, PNorm = 34.1437, GNorm = 1.9342, lr_0 = 9.0063e-04
Validation rmse = 0.320612
Epoch 8
Validation rmse = 0.360906
Epoch 9
Validation rmse = 0.299313
Epoch 10
Loss = 1.8957e-01, PNorm = 34.1948, GNorm = 2.9456, lr_0 = 8.6303e-04
Validation rmse = 0.291787
Epoch 11
Validation rmse = 0.319521
Epoch 12
Validation rmse = 0.257189
Epoch 13
Loss = 8.3113e-02, PNorm = 34.2410, GNorm = 4.3195, lr_0 = 8.3022e-04
Validation rmse = 0.264118
Epoch 14
Validation rmse = 0.238366
Epoch 15
Loss = 1.0417e-01, PNorm = 34.2811, GNorm = 3.6442, lr_0 = 7.9556e-04
Validation rmse = 0.239413
Epoch 16
Validation rmse = 0.252829
Epoch 17
Validation rmse = 0.225590
Epoch 18
Loss = 6.7678e-02, PNorm = 34.3091, GNorm = 3.7452, lr_0 = 7.6531e-04
Validation rmse = 0.201542
Epoch 19
Validation rmse = 0.192468
Epoch 20
Validation rmse = 0.189670
Epoch 21
Loss = 4.4911e-02, PNorm = 34.3375, GNorm = 2.1489, lr_0 = 7.3336e-04
Validation rmse = 0.193458
Epoch 22
Validation rmse = 0.215369
Epoch 23
Loss = 4.9957e-02, PNorm = 34.3572, GNorm = 5.5292, lr_0 = 7.0275e-04
Validation rmse = 0.165225
Epoch 24
Validation rmse = 0.167768
Epoch 25
Validation rmse = 0.165369
Epoch 26
Loss = 2.7015e-02, PNorm = 34.3719, GNorm = 2.9252, lr_0 = 6.7603e-04
Validation rmse = 0.162635
Epoch 27
Validation rmse = 0.168706
Epoch 28
Validation rmse = 0.163742
Epoch 29
Loss = 2.8391e-02, PNorm = 34.3863, GNorm = 2.9002, lr_0 = 6.4781e-04
Validation rmse = 0.144655
Epoch 30
Validation rmse = 0.142993
Epoch 31
Loss = 2.1009e-02, PNorm = 34.3980, GNorm = 3.2803, lr_0 = 6.2318e-04
Validation rmse = 0.191797
Epoch 32
Validation rmse = 0.149664
Epoch 33
Validation rmse = 0.151229
Epoch 34
Loss = 2.3961e-02, PNorm = 34.4090, GNorm = 2.3726, lr_0 = 5.9716e-04
Validation rmse = 0.156505
Epoch 35
Validation rmse = 0.158183
Epoch 36
Validation rmse = 0.158551
Epoch 37
Loss = 1.8619e-02, PNorm = 34.4205, GNorm = 3.0631, lr_0 = 5.7224e-04
Validation rmse = 0.151120
Epoch 38
Validation rmse = 0.156172
Epoch 39
Loss = 2.0242e-02, PNorm = 34.4293, GNorm = 3.0331, lr_0 = 5.5048e-04
Validation rmse = 0.151641
Epoch 40
Validation rmse = 0.152970
Epoch 41
Validation rmse = 0.149545
Epoch 42
Loss = 2.1578e-02, PNorm = 34.4388, GNorm = 2.3421, lr_0 = 5.2750e-04
Validation rmse = 0.147678
Epoch 43
Validation rmse = 0.142060
Epoch 44
Loss = 1.6153e-02, PNorm = 34.4476, GNorm = 0.5161, lr_0 = 5.0744e-04
Validation rmse = 0.159554
Epoch 45
Validation rmse = 0.148977
Epoch 46
Validation rmse = 0.149343
Epoch 47
Loss = 1.8744e-02, PNorm = 34.4557, GNorm = 1.9369, lr_0 = 4.8626e-04
Validation rmse = 0.151847
Epoch 48
Validation rmse = 0.142464
Epoch 49
Validation rmse = 0.142827
Epoch 50
Loss = 1.8603e-02, PNorm = 34.4645, GNorm = 2.5176, lr_0 = 4.6777e-04
Validation rmse = 0.144272
Epoch 51
Validation rmse = 0.139700
Epoch 52
Loss = 1.3508e-02, PNorm = 34.4718, GNorm = 1.1201, lr_0 = 4.4824e-04
Validation rmse = 0.141309
Epoch 53
Validation rmse = 0.138728
Epoch 54
Validation rmse = 0.137022
Epoch 55
Loss = 1.4439e-02, PNorm = 34.4797, GNorm = 1.6626, lr_0 = 4.2953e-04
Validation rmse = 0.136326
Epoch 56
Validation rmse = 0.138831
Epoch 57
Validation rmse = 0.146040
Epoch 58
Loss = 2.4609e-02, PNorm = 34.4863, GNorm = 3.7120, lr_0 = 4.1320e-04
Validation rmse = 0.144131
Epoch 59
Validation rmse = 0.145344
Epoch 60
Loss = 1.5470e-02, PNorm = 34.4930, GNorm = 2.6210, lr_0 = 3.9595e-04
Validation rmse = 0.144415
Epoch 61
Validation rmse = 0.145119
Epoch 62
Validation rmse = 0.156574
Epoch 63
Loss = 9.7871e-03, PNorm = 34.4984, GNorm = 0.6503, lr_0 = 3.8090e-04
Validation rmse = 0.156504
Epoch 64
Validation rmse = 0.148683
Epoch 65
Validation rmse = 0.141503
Epoch 66
Loss = 1.7676e-02, PNorm = 34.5039, GNorm = 1.0634, lr_0 = 3.6500e-04
Validation rmse = 0.149961
Epoch 67
Validation rmse = 0.150266
Epoch 68
Loss = 1.2294e-02, PNorm = 34.5091, GNorm = 2.2660, lr_0 = 3.5112e-04
Loss = 1.3779e-02, PNorm = 34.5098, GNorm = 0.6104, lr_0 = 3.4976e-04
Validation rmse = 0.148603
Epoch 69
Validation rmse = 0.141326
Epoch 70
Validation rmse = 0.140843
Epoch 71
Loss = 1.0622e-02, PNorm = 34.5149, GNorm = 0.4058, lr_0 = 3.3646e-04
Validation rmse = 0.144135
Epoch 72
Validation rmse = 0.142326
Epoch 73
Validation rmse = 0.141526
Epoch 74
Loss = 2.2374e-02, PNorm = 34.5204, GNorm = 1.0374, lr_0 = 3.2242e-04
Validation rmse = 0.140968
Epoch 75
Validation rmse = 0.143961
Epoch 76
Loss = 1.2075e-02, PNorm = 34.5250, GNorm = 0.4328, lr_0 = 3.1016e-04
Validation rmse = 0.141957
Epoch 77
Validation rmse = 0.142334
Epoch 78
Validation rmse = 0.151583
Epoch 79
Loss = 1.7180e-02, PNorm = 34.5301, GNorm = 1.0420, lr_0 = 2.9721e-04
Validation rmse = 0.142656
Epoch 80
Validation rmse = 0.141017
Epoch 81
Loss = 1.0217e-02, PNorm = 34.5346, GNorm = 0.4983, lr_0 = 2.8591e-04
Validation rmse = 0.148265
Epoch 82
Validation rmse = 0.144389
Epoch 83
Validation rmse = 0.137835
Epoch 84
Loss = 1.1525e-02, PNorm = 34.5394, GNorm = 1.9928, lr_0 = 2.7397e-04
Validation rmse = 0.138377
Epoch 85
Validation rmse = 0.139406
Epoch 86
Validation rmse = 0.141821
Epoch 87
Loss = 1.1602e-02, PNorm = 34.5442, GNorm = 1.9398, lr_0 = 2.6254e-04
Validation rmse = 0.141278
Epoch 88
Validation rmse = 0.139968
Epoch 89
Loss = 8.9331e-03, PNorm = 34.5482, GNorm = 0.7090, lr_0 = 2.5256e-04
Validation rmse = 0.139099
Epoch 90
Validation rmse = 0.141800
Epoch 91
Validation rmse = 0.141568
Epoch 92
Loss = 1.1846e-02, PNorm = 34.5525, GNorm = 2.1681, lr_0 = 2.4201e-04
Validation rmse = 0.140086
Epoch 93
Validation rmse = 0.145798
Epoch 94
Validation rmse = 0.148044
Epoch 95
Loss = 1.6520e-02, PNorm = 34.5559, GNorm = 1.3671, lr_0 = 2.3281e-04
Validation rmse = 0.138766
Epoch 96
Validation rmse = 0.137169
Epoch 97
Loss = 1.0611e-02, PNorm = 34.5597, GNorm = 1.6014, lr_0 = 2.2309e-04
Validation rmse = 0.140397
Epoch 98
Validation rmse = 0.141771
Epoch 99
Validation rmse = 0.139666
Epoch 100
Loss = 1.1389e-02, PNorm = 34.5632, GNorm = 0.2805, lr_0 = 2.1461e-04
Validation rmse = 0.137961
Epoch 101
Validation rmse = 0.138638
Epoch 102
Validation rmse = 0.138265
Epoch 103
Loss = 5.8742e-03, PNorm = 34.5673, GNorm = 0.7506, lr_0 = 2.0565e-04
Validation rmse = 0.139938
Epoch 104
Validation rmse = 0.147708
Epoch 105
Loss = 1.0062e-02, PNorm = 34.5703, GNorm = 0.2057, lr_0 = 1.9783e-04
Loss = 1.2473e-02, PNorm = 34.5707, GNorm = 2.5562, lr_0 = 1.9707e-04
Validation rmse = 0.140540
Epoch 106
Validation rmse = 0.141166
Epoch 107
Validation rmse = 0.139408
Epoch 108
Loss = 1.0625e-02, PNorm = 34.5742, GNorm = 0.7997, lr_0 = 1.8957e-04
Validation rmse = 0.136090
Epoch 109
Validation rmse = 0.138563
Epoch 110
Validation rmse = 0.142528
Epoch 111
Loss = 1.3579e-02, PNorm = 34.5776, GNorm = 1.9380, lr_0 = 1.8166e-04
Validation rmse = 0.139688
Epoch 112
Validation rmse = 0.142703
Epoch 113
Loss = 8.7616e-03, PNorm = 34.5805, GNorm = 1.0126, lr_0 = 1.7475e-04
Validation rmse = 0.139092
Epoch 114
Validation rmse = 0.138110
Epoch 115
Validation rmse = 0.139345
Epoch 116
Loss = 9.7002e-03, PNorm = 34.5834, GNorm = 0.8982, lr_0 = 1.6746e-04
Validation rmse = 0.137994
Epoch 117
Validation rmse = 0.137586
Epoch 118
Validation rmse = 0.138066
Epoch 119
Loss = 3.6025e-03, PNorm = 34.5863, GNorm = 0.4606, lr_0 = 1.6047e-04
Validation rmse = 0.138928
Epoch 120
Validation rmse = 0.136781
Epoch 121
Loss = 5.4598e-03, PNorm = 34.5889, GNorm = 1.1823, lr_0 = 1.5437e-04
Validation rmse = 0.137475
Epoch 122
Validation rmse = 0.137873
Epoch 123
Validation rmse = 0.136009
Epoch 124
Loss = 9.4121e-03, PNorm = 34.5916, GNorm = 0.1872, lr_0 = 1.4792e-04
Validation rmse = 0.137651
Epoch 125
Validation rmse = 0.137418
Epoch 126
Loss = 8.0231e-03, PNorm = 34.5938, GNorm = 1.1508, lr_0 = 1.4230e-04
Validation rmse = 0.136793
Epoch 127
Validation rmse = 0.135572
Epoch 128
Validation rmse = 0.138360
Epoch 129
Loss = 5.3463e-03, PNorm = 34.5961, GNorm = 1.5063, lr_0 = 1.3636e-04
Validation rmse = 0.136540
Epoch 130
Validation rmse = 0.136823
Epoch 131
Validation rmse = 0.135838
Epoch 132
Loss = 4.2678e-03, PNorm = 34.5983, GNorm = 0.3459, lr_0 = 1.3117e-04
Validation rmse = 0.136387
Epoch 133
Validation rmse = 0.137007
Epoch 134
Loss = 7.3425e-03, PNorm = 34.6007, GNorm = 0.4833, lr_0 = 1.2570e-04
Validation rmse = 0.135958
Epoch 135
Validation rmse = 0.136479
Epoch 136
Validation rmse = 0.137634
Epoch 137
Loss = 1.0830e-02, PNorm = 34.6027, GNorm = 1.9749, lr_0 = 1.2092e-04
Validation rmse = 0.139727
Epoch 138
Validation rmse = 0.138188
Epoch 139
Validation rmse = 0.135365
Epoch 140
Loss = 8.9871e-03, PNorm = 34.6048, GNorm = 0.7229, lr_0 = 1.1587e-04
Validation rmse = 0.136538
Epoch 141
Validation rmse = 0.136678
Epoch 142
Loss = 8.4733e-03, PNorm = 34.6067, GNorm = 1.1046, lr_0 = 1.1103e-04
Validation rmse = 0.136849
Epoch 143
Validation rmse = 0.136862
Epoch 144
Validation rmse = 0.137365
Epoch 145
Loss = 4.7162e-03, PNorm = 34.6085, GNorm = 0.4232, lr_0 = 1.0681e-04
Validation rmse = 0.134119
Epoch 146
Validation rmse = 0.135219
Epoch 147
Validation rmse = 0.136393
Epoch 148
Loss = 1.4128e-02, PNorm = 34.6104, GNorm = 0.1535, lr_0 = 1.0235e-04
Validation rmse = 0.135426
Epoch 149
Validation rmse = 0.135889
Epoch 150
Loss = 7.7658e-03, PNorm = 34.6120, GNorm = 0.7891, lr_0 = 1.0000e-04
Loss = 6.1524e-03, PNorm = 34.6122, GNorm = 1.4796, lr_0 = 1.0000e-04
Validation rmse = 0.135389
Epoch 151
Validation rmse = 0.135366
Epoch 152
Validation rmse = 0.135723
Epoch 153
Loss = 4.0263e-03, PNorm = 34.6139, GNorm = 2.0300, lr_0 = 1.0000e-04
Validation rmse = 0.136508
Epoch 154
Validation rmse = 0.139999
Epoch 155
Validation rmse = 0.135902
Epoch 156
Loss = 1.8861e-02, PNorm = 34.6157, GNorm = 1.5810, lr_0 = 1.0000e-04
Validation rmse = 0.133938
Epoch 157
Validation rmse = 0.135705
Epoch 158
Loss = 6.8288e-03, PNorm = 34.6174, GNorm = 0.3268, lr_0 = 1.0000e-04
Validation rmse = 0.134169
Epoch 159
Validation rmse = 0.133353
Epoch 160
Validation rmse = 0.131530
Epoch 161
Loss = 7.7848e-03, PNorm = 34.6191, GNorm = 0.4163, lr_0 = 1.0000e-04
Validation rmse = 0.132174
Epoch 162
Validation rmse = 0.135159
Epoch 163
Loss = 6.8661e-03, PNorm = 34.6207, GNorm = 0.1770, lr_0 = 1.0000e-04
Validation rmse = 0.135361
Epoch 164
Validation rmse = 0.135493
Epoch 165
Validation rmse = 0.135615
Epoch 166
Loss = 7.9565e-03, PNorm = 34.6225, GNorm = 0.6019, lr_0 = 1.0000e-04
Validation rmse = 0.134886
Epoch 167
Validation rmse = 0.135453
Epoch 168
Validation rmse = 0.132125
Epoch 169
Loss = 1.1054e-02, PNorm = 34.6242, GNorm = 0.3308, lr_0 = 1.0000e-04
Validation rmse = 0.131607
Epoch 170
Validation rmse = 0.133931
Epoch 171
Loss = 7.2647e-03, PNorm = 34.6258, GNorm = 1.1843, lr_0 = 1.0000e-04
Validation rmse = 0.131208
Epoch 172
Validation rmse = 0.132214
Epoch 173
Validation rmse = 0.133422
Epoch 174
Loss = 7.4413e-03, PNorm = 34.6276, GNorm = 0.1428, lr_0 = 1.0000e-04
Validation rmse = 0.132233
Epoch 175
Validation rmse = 0.132487
Epoch 176
Validation rmse = 0.133445
Epoch 177
Loss = 1.9865e-03, PNorm = 34.6293, GNorm = 0.2076, lr_0 = 1.0000e-04
Validation rmse = 0.133846
Epoch 178
Validation rmse = 0.132818
Epoch 179
Loss = 6.4276e-03, PNorm = 34.6310, GNorm = 0.5715, lr_0 = 1.0000e-04
Validation rmse = 0.132816
Epoch 180
Validation rmse = 0.131488
Epoch 181
Validation rmse = 0.132601
Epoch 182
Loss = 6.1197e-03, PNorm = 34.6326, GNorm = 0.5709, lr_0 = 1.0000e-04
Validation rmse = 0.134720
Epoch 183
Validation rmse = 0.134990
Epoch 184
Validation rmse = 0.134293
Epoch 185
Loss = 3.9258e-03, PNorm = 34.6344, GNorm = 0.5978, lr_0 = 1.0000e-04
Validation rmse = 0.133416
Epoch 186
Validation rmse = 0.133082
Epoch 187
Loss = 8.0414e-03, PNorm = 34.6360, GNorm = 0.8737, lr_0 = 1.0000e-04
Loss = 1.6313e-03, PNorm = 34.6361, GNorm = 0.4864, lr_0 = 1.0000e-04
Validation rmse = 0.131882
Epoch 188
Validation rmse = 0.132225
Epoch 189
Validation rmse = 0.134787
Epoch 190
Loss = 7.2073e-03, PNorm = 34.6378, GNorm = 1.1788, lr_0 = 1.0000e-04
Validation rmse = 0.133893
Epoch 191
Validation rmse = 0.132103
Epoch 192
Validation rmse = 0.131370
Epoch 193
Loss = 2.5857e-03, PNorm = 34.6397, GNorm = 0.2316, lr_0 = 1.0000e-04
Validation rmse = 0.132572
Epoch 194
Validation rmse = 0.132876
Epoch 195
Loss = 7.4739e-03, PNorm = 34.6414, GNorm = 1.0030, lr_0 = 1.0000e-04
Validation rmse = 0.132672
Epoch 196
Validation rmse = 0.137956
Epoch 197
Validation rmse = 0.134535
Epoch 198
Loss = 8.0475e-03, PNorm = 34.6431, GNorm = 0.7690, lr_0 = 1.0000e-04
Validation rmse = 0.132130
Epoch 199
Validation rmse = 0.132511
Model 0 best validation rmse = 0.131208 on epoch 171
Loading pretrained parameter "encoder.encoder.0.cached_zero_vector".
Loading pretrained parameter "encoder.encoder.0.W_i.weight".
Loading pretrained parameter "encoder.encoder.0.W_h.weight".
Loading pretrained parameter "encoder.encoder.0.W_o.weight".
Loading pretrained parameter "encoder.encoder.0.W_o.bias".
Loading pretrained parameter "readout.1.weight".
Loading pretrained parameter "readout.1.bias".
Loading pretrained parameter "readout.4.weight".
Loading pretrained parameter "readout.4.bias".
Moving model to cuda
Model 0 test rmse = 0.103843
Ensemble test rmse = 0.103843
Fold 3
Splitting data with seed 45
Total size = 303 | train size = 242 | val size = 30 | test size = 31
Fitting scaler
Building model 0
MoleculeModel(
  (encoder): MPN(
    (encoder): ModuleList(
      (0): MPNEncoder(
        (dropout): Dropout(p=0.0, inplace=False)
        (act_func): ReLU()
        (W_i): Linear(in_features=147, out_features=300, bias=False)
        (W_h): Linear(in_features=300, out_features=300, bias=False)
        (W_o): Linear(in_features=433, out_features=300, bias=True)
      )
    )
  )
  (readout): Sequential(
    (0): Dropout(p=0.0, inplace=False)
    (1): Linear(in_features=300, out_features=300, bias=True)
    (2): ReLU()
    (3): Dropout(p=0.0, inplace=False)
    (4): Linear(in_features=300, out_features=1, bias=True)
  )
)
Number of parameters = 355,201
Moving model to cuda
Epoch 0
Validation rmse = 0.651899
Epoch 1
Validation rmse = 0.632807
Epoch 2
Loss = 7.0247e-01, PNorm = 34.0399, GNorm = 0.7971, lr_0 = 9.7701e-04
Validation rmse = 0.609758
Epoch 3
Validation rmse = 0.572046
Epoch 4
Validation rmse = 0.580670
Epoch 5
Loss = 6.1991e-01, PNorm = 34.0881, GNorm = 7.8207, lr_0 = 9.3623e-04
Validation rmse = 0.541052
Epoch 6
Validation rmse = 0.544275
Epoch 7
Loss = 4.5413e-01, PNorm = 34.1332, GNorm = 0.9664, lr_0 = 9.0063e-04
Validation rmse = 0.479116
Epoch 8
Validation rmse = 0.517962
Epoch 9
Validation rmse = 0.421074
Epoch 10
Loss = 4.2029e-01, PNorm = 34.1899, GNorm = 10.4826, lr_0 = 8.6303e-04
Validation rmse = 0.376650
Epoch 11
Validation rmse = 0.404906
Epoch 12
Validation rmse = 0.349312
Epoch 13
Loss = 2.2023e-01, PNorm = 34.2396, GNorm = 1.3775, lr_0 = 8.3022e-04
Validation rmse = 0.302933
Epoch 14
Validation rmse = 0.287680
Epoch 15
Loss = 1.5598e-01, PNorm = 34.2992, GNorm = 0.8236, lr_0 = 7.9556e-04
Validation rmse = 0.243059
Epoch 16
Validation rmse = 0.222027
Epoch 17
Validation rmse = 0.218044
Epoch 18
Loss = 1.0740e-01, PNorm = 34.3512, GNorm = 2.7107, lr_0 = 7.6531e-04
Validation rmse = 0.272933
Epoch 19
Validation rmse = 0.197379
Epoch 20
Validation rmse = 0.214488
Epoch 21
Loss = 8.6444e-02, PNorm = 34.3979, GNorm = 4.0066, lr_0 = 7.3336e-04
Validation rmse = 0.225571
Epoch 22
Validation rmse = 0.184131
Epoch 23
Loss = 6.9607e-02, PNorm = 34.4386, GNorm = 7.0463, lr_0 = 7.0275e-04
Validation rmse = 0.183343
Epoch 24
Validation rmse = 0.167941
Epoch 25
Validation rmse = 0.163929
Epoch 26
Loss = 3.7469e-02, PNorm = 34.4635, GNorm = 2.9051, lr_0 = 6.7603e-04
Validation rmse = 0.163410
Epoch 27
Validation rmse = 0.146138
Epoch 28
Validation rmse = 0.154249
Epoch 29
Loss = 2.8913e-02, PNorm = 34.4847, GNorm = 0.4975, lr_0 = 6.4781e-04
Validation rmse = 0.135812
Epoch 30
Validation rmse = 0.130566
Epoch 31
Loss = 3.5861e-02, PNorm = 34.4989, GNorm = 0.6102, lr_0 = 6.2318e-04
Validation rmse = 0.165254
Epoch 32
Validation rmse = 0.142780
Epoch 33
Validation rmse = 0.181470
Epoch 34
Loss = 3.5459e-02, PNorm = 34.5117, GNorm = 0.3832, lr_0 = 5.9716e-04
Validation rmse = 0.146908
Epoch 35
Validation rmse = 0.139120
Epoch 36
Validation rmse = 0.134135
Epoch 37
Loss = 3.6875e-02, PNorm = 34.5250, GNorm = 2.9733, lr_0 = 5.7224e-04
Validation rmse = 0.135180
Epoch 38
Validation rmse = 0.130124
Epoch 39
Loss = 2.6039e-02, PNorm = 34.5362, GNorm = 0.1413, lr_0 = 5.5048e-04
Validation rmse = 0.159643
Epoch 40
Validation rmse = 0.149018
Epoch 41
Validation rmse = 0.152639
Epoch 42
Loss = 2.6686e-02, PNorm = 34.5490, GNorm = 1.9668, lr_0 = 5.2750e-04
Validation rmse = 0.132745
Epoch 43
Validation rmse = 0.138152
Epoch 44
Loss = 2.1410e-02, PNorm = 34.5613, GNorm = 1.2803, lr_0 = 5.0744e-04
Validation rmse = 0.135327
Epoch 45
Validation rmse = 0.124186
Epoch 46
Validation rmse = 0.131440
Epoch 47
Loss = 2.3369e-02, PNorm = 34.5738, GNorm = 3.0094, lr_0 = 4.8626e-04
Validation rmse = 0.132082
Epoch 48
Validation rmse = 0.139990
Epoch 49
Validation rmse = 0.126242
Epoch 50
Loss = 3.3430e-02, PNorm = 34.5862, GNorm = 1.1115, lr_0 = 4.6777e-04
Validation rmse = 0.124543
Epoch 51
Validation rmse = 0.151742
Epoch 52
Loss = 2.1052e-02, PNorm = 34.6005, GNorm = 0.4576, lr_0 = 4.4824e-04
Validation rmse = 0.130404
Epoch 53
Validation rmse = 0.136068
Epoch 54
Validation rmse = 0.142440
Epoch 55
Loss = 1.8134e-02, PNorm = 34.6147, GNorm = 1.7010, lr_0 = 4.2953e-04
Validation rmse = 0.128237
Epoch 56
Validation rmse = 0.131491
Epoch 57
Validation rmse = 0.132590
Epoch 58
Loss = 2.0966e-02, PNorm = 34.6270, GNorm = 0.8327, lr_0 = 4.1320e-04
Validation rmse = 0.163851
Epoch 59
Validation rmse = 0.146548
Epoch 60
Loss = 1.8916e-02, PNorm = 34.6391, GNorm = 3.4282, lr_0 = 3.9595e-04
Validation rmse = 0.140086
Epoch 61
Validation rmse = 0.140646
Epoch 62
Validation rmse = 0.134803
Epoch 63
Loss = 1.2016e-02, PNorm = 34.6494, GNorm = 1.7842, lr_0 = 3.8090e-04
Validation rmse = 0.123935
Epoch 64
Validation rmse = 0.127692
Epoch 65
Validation rmse = 0.155123
Epoch 66
Loss = 1.2622e-02, PNorm = 34.6617, GNorm = 2.2034, lr_0 = 3.6500e-04
Validation rmse = 0.136506
Epoch 67
Validation rmse = 0.130099
Epoch 68
Loss = 1.9720e-02, PNorm = 34.6719, GNorm = 3.3715, lr_0 = 3.5112e-04
Loss = 7.0778e-03, PNorm = 34.6730, GNorm = 0.9240, lr_0 = 3.4976e-04
Validation rmse = 0.136023
Epoch 69
Validation rmse = 0.150049
Epoch 70
Validation rmse = 0.133448
Epoch 71
Loss = 1.3469e-02, PNorm = 34.6830, GNorm = 0.5512, lr_0 = 3.3646e-04
Validation rmse = 0.124295
Epoch 72
Validation rmse = 0.132216
Epoch 73
Validation rmse = 0.135378
Epoch 74
Loss = 1.2441e-02, PNorm = 34.6934, GNorm = 0.8318, lr_0 = 3.2242e-04
Validation rmse = 0.137662
Epoch 75
Validation rmse = 0.138747
Epoch 76
Loss = 1.3779e-02, PNorm = 34.7029, GNorm = 2.0441, lr_0 = 3.1016e-04
Validation rmse = 0.131335
Epoch 77
Validation rmse = 0.132303
Epoch 78
Validation rmse = 0.129455
Epoch 79
Loss = 6.6448e-03, PNorm = 34.7132, GNorm = 0.5406, lr_0 = 2.9721e-04
Validation rmse = 0.130446
Epoch 80
Validation rmse = 0.133835
Epoch 81
Loss = 1.0222e-02, PNorm = 34.7222, GNorm = 0.7188, lr_0 = 2.8591e-04
Validation rmse = 0.129447
Epoch 82
Validation rmse = 0.128640
Epoch 83
Validation rmse = 0.137224
Epoch 84
Loss = 8.2373e-03, PNorm = 34.7315, GNorm = 0.3861, lr_0 = 2.7397e-04
Validation rmse = 0.132811
Epoch 85
Validation rmse = 0.131614
Epoch 86
Validation rmse = 0.133570
Epoch 87
Loss = 1.0576e-02, PNorm = 34.7407, GNorm = 0.8833, lr_0 = 2.6254e-04
Validation rmse = 0.129791
Epoch 88
Validation rmse = 0.126704
Epoch 89
Loss = 9.3520e-03, PNorm = 34.7486, GNorm = 0.1707, lr_0 = 2.5256e-04
Validation rmse = 0.127371
Epoch 90
Validation rmse = 0.129944
Epoch 91
Validation rmse = 0.130876
Epoch 92
Loss = 9.0571e-03, PNorm = 34.7574, GNorm = 0.5180, lr_0 = 2.4201e-04
Validation rmse = 0.127966
Epoch 93
Validation rmse = 0.127115
Epoch 94
Validation rmse = 0.133343
Epoch 95
Loss = 6.9505e-03, PNorm = 34.7647, GNorm = 1.2125, lr_0 = 2.3281e-04
Validation rmse = 0.136194
Epoch 96
Validation rmse = 0.130114
Epoch 97
Loss = 1.1642e-02, PNorm = 34.7728, GNorm = 1.2768, lr_0 = 2.2309e-04
Validation rmse = 0.127529
Epoch 98
Validation rmse = 0.138322
Epoch 99
Validation rmse = 0.143552
Epoch 100
Loss = 9.2301e-03, PNorm = 34.7799, GNorm = 1.8232, lr_0 = 2.1461e-04
Validation rmse = 0.131547
Epoch 101
Validation rmse = 0.127030
Epoch 102
Validation rmse = 0.135095
Epoch 103
Loss = 1.5090e-02, PNorm = 34.7875, GNorm = 1.7121, lr_0 = 2.0565e-04
Validation rmse = 0.125982
Epoch 104
Validation rmse = 0.127919
Epoch 105
Loss = 8.6048e-03, PNorm = 34.7939, GNorm = 0.8270, lr_0 = 1.9783e-04
Loss = 5.0603e-03, PNorm = 34.7944, GNorm = 0.4720, lr_0 = 1.9707e-04
Validation rmse = 0.131926
Epoch 106
Validation rmse = 0.126607
Epoch 107
Validation rmse = 0.134941
Epoch 108
Loss = 1.0381e-02, PNorm = 34.8002, GNorm = 0.6162, lr_0 = 1.8957e-04
Validation rmse = 0.135002
Epoch 109
Validation rmse = 0.127162
Epoch 110
Validation rmse = 0.130253
Epoch 111
Loss = 9.3980e-03, PNorm = 34.8065, GNorm = 0.4214, lr_0 = 1.8166e-04
Validation rmse = 0.132818
Epoch 112
Validation rmse = 0.127698
Epoch 113
Loss = 6.4398e-03, PNorm = 34.8120, GNorm = 0.9389, lr_0 = 1.7475e-04
Validation rmse = 0.130729
Epoch 114
Validation rmse = 0.139757
Epoch 115
Validation rmse = 0.129914
Epoch 116
Loss = 8.5168e-03, PNorm = 34.8175, GNorm = 0.3986, lr_0 = 1.6746e-04
Validation rmse = 0.128974
Epoch 117
Validation rmse = 0.137301
Epoch 118
Validation rmse = 0.125035
Epoch 119
Loss = 9.2392e-03, PNorm = 34.8226, GNorm = 1.0263, lr_0 = 1.6047e-04
Validation rmse = 0.125624
Epoch 120
Validation rmse = 0.133172
Epoch 121
Loss = 8.2569e-03, PNorm = 34.8273, GNorm = 0.5304, lr_0 = 1.5437e-04
Validation rmse = 0.128351
Epoch 122
Validation rmse = 0.129579
Epoch 123
Validation rmse = 0.128473
Epoch 124
Loss = 5.8867e-03, PNorm = 34.8324, GNorm = 0.4761, lr_0 = 1.4792e-04
Validation rmse = 0.129048
Epoch 125
Validation rmse = 0.127778
Epoch 126
Loss = 6.4190e-03, PNorm = 34.8366, GNorm = 0.3202, lr_0 = 1.4230e-04
Validation rmse = 0.130186
Epoch 127
Validation rmse = 0.133465
Epoch 128
Validation rmse = 0.132218
Epoch 129
Loss = 6.3044e-03, PNorm = 34.8413, GNorm = 0.9364, lr_0 = 1.3636e-04
Validation rmse = 0.128392
Epoch 130
Validation rmse = 0.128412
Epoch 131
Validation rmse = 0.132035
Epoch 132
Loss = 1.3568e-02, PNorm = 34.8453, GNorm = 0.5433, lr_0 = 1.3117e-04
Validation rmse = 0.131425
Epoch 133
Validation rmse = 0.136248
Epoch 134
Loss = 6.9810e-03, PNorm = 34.8497, GNorm = 1.1167, lr_0 = 1.2570e-04
Validation rmse = 0.128174
Epoch 135
Validation rmse = 0.133772
Epoch 136
Validation rmse = 0.127199
Epoch 137
Loss = 8.0966e-03, PNorm = 34.8533, GNorm = 0.6500, lr_0 = 1.2092e-04
Validation rmse = 0.127298
Epoch 138
Validation rmse = 0.132214
Epoch 139
Validation rmse = 0.128164
Epoch 140
Loss = 3.7117e-03, PNorm = 34.8571, GNorm = 0.6693, lr_0 = 1.1587e-04
Validation rmse = 0.131665
Epoch 141
Validation rmse = 0.128573
Epoch 142
Loss = 6.2092e-03, PNorm = 34.8607, GNorm = 0.4162, lr_0 = 1.1103e-04
Validation rmse = 0.133264
Epoch 143
Validation rmse = 0.130263
Epoch 144
Validation rmse = 0.132198
Epoch 145
Loss = 9.1879e-03, PNorm = 34.8639, GNorm = 0.4359, lr_0 = 1.0681e-04
Validation rmse = 0.128517
Epoch 146
Validation rmse = 0.132564
Epoch 147
Validation rmse = 0.127430
Epoch 148
Loss = 3.9300e-03, PNorm = 34.8675, GNorm = 0.9278, lr_0 = 1.0235e-04
Validation rmse = 0.130703
Epoch 149
Validation rmse = 0.130934
Epoch 150
Loss = 6.6330e-03, PNorm = 34.8704, GNorm = 0.0883, lr_0 = 1.0000e-04
Loss = 3.2649e-03, PNorm = 34.8707, GNorm = 0.2006, lr_0 = 1.0000e-04
Validation rmse = 0.132475
Epoch 151
Validation rmse = 0.133227
Epoch 152
Validation rmse = 0.133197
Epoch 153
Loss = 7.4321e-03, PNorm = 34.8736, GNorm = 0.3296, lr_0 = 1.0000e-04
Validation rmse = 0.130112
Epoch 154
Validation rmse = 0.130153
Epoch 155
Validation rmse = 0.128052
Epoch 156
Loss = 3.6220e-03, PNorm = 34.8769, GNorm = 0.4590, lr_0 = 1.0000e-04
Validation rmse = 0.130385
Epoch 157
Validation rmse = 0.133518
Epoch 158
Loss = 6.0101e-03, PNorm = 34.8799, GNorm = 0.8204, lr_0 = 1.0000e-04
Validation rmse = 0.132779
Epoch 159
Validation rmse = 0.135724
Epoch 160
Validation rmse = 0.130064
Epoch 161
Loss = 6.7035e-03, PNorm = 34.8833, GNorm = 0.3719, lr_0 = 1.0000e-04
Validation rmse = 0.130863
Epoch 162
Validation rmse = 0.130839
Epoch 163
Loss = 5.6511e-03, PNorm = 34.8862, GNorm = 0.5388, lr_0 = 1.0000e-04
Validation rmse = 0.129051
Epoch 164
Validation rmse = 0.132265
Epoch 165
Validation rmse = 0.131890
Epoch 166
Loss = 6.7552e-03, PNorm = 34.8895, GNorm = 0.6116, lr_0 = 1.0000e-04
Validation rmse = 0.131693
Epoch 167
Validation rmse = 0.133331
Epoch 168
Validation rmse = 0.130810
Epoch 169
Loss = 5.5747e-03, PNorm = 34.8925, GNorm = 0.1789, lr_0 = 1.0000e-04
Validation rmse = 0.132658
Epoch 170
Validation rmse = 0.130494
Epoch 171
Loss = 5.2705e-03, PNorm = 34.8958, GNorm = 0.2270, lr_0 = 1.0000e-04
Validation rmse = 0.129575
Epoch 172
Validation rmse = 0.130180
Epoch 173
Validation rmse = 0.130138
Epoch 174
Loss = 6.0449e-03, PNorm = 34.8990, GNorm = 0.4197, lr_0 = 1.0000e-04
Validation rmse = 0.132586
Epoch 175
Validation rmse = 0.132633
Epoch 176
Validation rmse = 0.131475
Epoch 177
Loss = 9.0199e-03, PNorm = 34.9020, GNorm = 0.2924, lr_0 = 1.0000e-04
Validation rmse = 0.131503
Epoch 178
Validation rmse = 0.130437
Epoch 179
Loss = 5.0827e-03, PNorm = 34.9053, GNorm = 0.0847, lr_0 = 1.0000e-04
Validation rmse = 0.130025
Epoch 180
Validation rmse = 0.129823
Epoch 181
Validation rmse = 0.130144
Epoch 182
Loss = 7.2169e-03, PNorm = 34.9084, GNorm = 0.0900, lr_0 = 1.0000e-04
Validation rmse = 0.133741
Epoch 183
Validation rmse = 0.128834
Epoch 184
Validation rmse = 0.133858
Epoch 185
Loss = 4.3662e-03, PNorm = 34.9116, GNorm = 1.0149, lr_0 = 1.0000e-04
Validation rmse = 0.129186
Epoch 186
Validation rmse = 0.132657
Epoch 187
Loss = 5.5623e-03, PNorm = 34.9147, GNorm = 0.1880, lr_0 = 1.0000e-04
Loss = 2.9832e-03, PNorm = 34.9150, GNorm = 0.1798, lr_0 = 1.0000e-04
Validation rmse = 0.130133
Epoch 188
Validation rmse = 0.132104
Epoch 189
Validation rmse = 0.130037
Epoch 190
Loss = 5.1836e-03, PNorm = 34.9180, GNorm = 0.6003, lr_0 = 1.0000e-04
Validation rmse = 0.131398
Epoch 191
Validation rmse = 0.131174
Epoch 192
Validation rmse = 0.130935
Epoch 193
Loss = 5.3161e-03, PNorm = 34.9213, GNorm = 0.5044, lr_0 = 1.0000e-04
Validation rmse = 0.133026
Epoch 194
Validation rmse = 0.131373
Epoch 195
Loss = 5.6053e-03, PNorm = 34.9242, GNorm = 0.3026, lr_0 = 1.0000e-04
Validation rmse = 0.133701
Epoch 196
Validation rmse = 0.129574
Epoch 197
Validation rmse = 0.130429
Epoch 198
Loss = 3.8594e-03, PNorm = 34.9274, GNorm = 0.1696, lr_0 = 1.0000e-04
Validation rmse = 0.130066
Epoch 199
Validation rmse = 0.132173
Model 0 best validation rmse = 0.123935 on epoch 63
Loading pretrained parameter "encoder.encoder.0.cached_zero_vector".
Loading pretrained parameter "encoder.encoder.0.W_i.weight".
Loading pretrained parameter "encoder.encoder.0.W_h.weight".
Loading pretrained parameter "encoder.encoder.0.W_o.weight".
Loading pretrained parameter "encoder.encoder.0.W_o.bias".
Loading pretrained parameter "readout.1.weight".
Loading pretrained parameter "readout.1.bias".
Loading pretrained parameter "readout.4.weight".
Loading pretrained parameter "readout.4.bias".
Moving model to cuda
Model 0 test rmse = 0.118429
Ensemble test rmse = 0.118429
Fold 4
Splitting data with seed 46
Total size = 303 | train size = 242 | val size = 30 | test size = 31
Fitting scaler
Building model 0
MoleculeModel(
  (encoder): MPN(
    (encoder): ModuleList(
      (0): MPNEncoder(
        (dropout): Dropout(p=0.0, inplace=False)
        (act_func): ReLU()
        (W_i): Linear(in_features=147, out_features=300, bias=False)
        (W_h): Linear(in_features=300, out_features=300, bias=False)
        (W_o): Linear(in_features=433, out_features=300, bias=True)
      )
    )
  )
  (readout): Sequential(
    (0): Dropout(p=0.0, inplace=False)
    (1): Linear(in_features=300, out_features=300, bias=True)
    (2): ReLU()
    (3): Dropout(p=0.0, inplace=False)
    (4): Linear(in_features=300, out_features=1, bias=True)
  )
)
Number of parameters = 355,201
Moving model to cuda
Epoch 0
Validation rmse = 0.475644
Epoch 1
Validation rmse = 0.495825
Epoch 2
Loss = 7.9331e-01, PNorm = 34.0365, GNorm = 1.5189, lr_0 = 9.7701e-04
Validation rmse = 0.508115
Epoch 3
Validation rmse = 0.419865
Epoch 4
Validation rmse = 0.399590
Epoch 5
Loss = 6.2439e-01, PNorm = 34.0862, GNorm = 1.3290, lr_0 = 9.3623e-04
Validation rmse = 0.350723
Epoch 6
Validation rmse = 0.381910
Epoch 7
Loss = 4.5745e-01, PNorm = 34.1397, GNorm = 5.7597, lr_0 = 9.0063e-04
Validation rmse = 0.275360
Epoch 8
Validation rmse = 0.336686
Epoch 9
Validation rmse = 0.259608
Epoch 10
Loss = 2.8068e-01, PNorm = 34.1967, GNorm = 2.5224, lr_0 = 8.6303e-04
Validation rmse = 0.296261
Epoch 11
Validation rmse = 0.262843
Epoch 12
Validation rmse = 0.240483
Epoch 13
Loss = 1.8120e-01, PNorm = 34.2512, GNorm = 8.0064, lr_0 = 8.3022e-04
Validation rmse = 0.232982
Epoch 14
Validation rmse = 0.193489
Epoch 15
Loss = 1.2957e-01, PNorm = 34.3074, GNorm = 8.7275, lr_0 = 7.9556e-04
Validation rmse = 0.161847
Epoch 16
Validation rmse = 0.155272
Epoch 17
Validation rmse = 0.132564
Epoch 18
Loss = 6.7457e-02, PNorm = 34.3482, GNorm = 6.5134, lr_0 = 7.6531e-04
Validation rmse = 0.133326
Epoch 19
Validation rmse = 0.132848
Epoch 20
Validation rmse = 0.176521
Epoch 21
Loss = 6.1434e-02, PNorm = 34.3860, GNorm = 5.7966, lr_0 = 7.3336e-04
Validation rmse = 0.210024
Epoch 22
Validation rmse = 0.177679
Epoch 23
Loss = 4.9763e-02, PNorm = 34.4134, GNorm = 1.2531, lr_0 = 7.0275e-04
Validation rmse = 0.147849
Epoch 24
Validation rmse = 0.137667
Epoch 25
Validation rmse = 0.125601
Epoch 26
Loss = 2.7252e-02, PNorm = 34.4357, GNorm = 1.5272, lr_0 = 6.7603e-04
Validation rmse = 0.120358
Epoch 27
Validation rmse = 0.133754
Epoch 28
Validation rmse = 0.117749
Epoch 29
Loss = 3.4506e-02, PNorm = 34.4557, GNorm = 3.1690, lr_0 = 6.4781e-04
Validation rmse = 0.118962
Epoch 30
Validation rmse = 0.115923
Epoch 31
Loss = 1.9354e-02, PNorm = 34.4720, GNorm = 2.5798, lr_0 = 6.2318e-04
Validation rmse = 0.105345
Epoch 32
Validation rmse = 0.115789
Epoch 33
Validation rmse = 0.117624
Epoch 34
Loss = 1.9091e-02, PNorm = 34.4879, GNorm = 0.5560, lr_0 = 5.9716e-04
Validation rmse = 0.113215
Epoch 35
Validation rmse = 0.120407
Epoch 36
Validation rmse = 0.106982
Epoch 37
Loss = 1.0463e-02, PNorm = 34.5026, GNorm = 0.7507, lr_0 = 5.7224e-04
Validation rmse = 0.117798
Epoch 38
Validation rmse = 0.112485
Epoch 39
Loss = 1.7319e-02, PNorm = 34.5155, GNorm = 0.8650, lr_0 = 5.5048e-04
Validation rmse = 0.107547
Epoch 40
Validation rmse = 0.107306
Epoch 41
Validation rmse = 0.106844
Epoch 42
Loss = 1.0400e-02, PNorm = 34.5279, GNorm = 1.5857, lr_0 = 5.2750e-04
Validation rmse = 0.112683
Epoch 43
Validation rmse = 0.109271
Epoch 44
Loss = 1.7315e-02, PNorm = 34.5387, GNorm = 1.1380, lr_0 = 5.0744e-04
Validation rmse = 0.108148
Epoch 45
Validation rmse = 0.114215
Epoch 46
Validation rmse = 0.107649
Epoch 47
Loss = 1.3923e-02, PNorm = 34.5502, GNorm = 1.2583, lr_0 = 4.8626e-04
Validation rmse = 0.113946
Epoch 48
Validation rmse = 0.104612
Epoch 49
Validation rmse = 0.112630
Epoch 50
Loss = 1.7607e-02, PNorm = 34.5600, GNorm = 2.5926, lr_0 = 4.6777e-04
Validation rmse = 0.111552
Epoch 51
Validation rmse = 0.103709
Epoch 52
Loss = 1.3513e-02, PNorm = 34.5701, GNorm = 1.1336, lr_0 = 4.4824e-04
Validation rmse = 0.109542
Epoch 53
Validation rmse = 0.111432
Epoch 54
Validation rmse = 0.102658
Epoch 55
Loss = 1.1771e-02, PNorm = 34.5789, GNorm = 0.6720, lr_0 = 4.2953e-04
Validation rmse = 0.103745
Epoch 56
Validation rmse = 0.100349
Epoch 57
Validation rmse = 0.108701
Epoch 58
Loss = 1.3859e-02, PNorm = 34.5868, GNorm = 2.2215, lr_0 = 4.1320e-04
Validation rmse = 0.110007
Epoch 59
Validation rmse = 0.110129
Epoch 60
Loss = 9.8670e-03, PNorm = 34.5958, GNorm = 0.7414, lr_0 = 3.9595e-04
Validation rmse = 0.103381
Epoch 61
Validation rmse = 0.122436
Epoch 62
Validation rmse = 0.134415
Epoch 63
Loss = 1.7906e-02, PNorm = 34.6029, GNorm = 1.6515, lr_0 = 3.8090e-04
Validation rmse = 0.123595
Epoch 64
Validation rmse = 0.123749
Epoch 65
Validation rmse = 0.109640
Epoch 66
Loss = 1.2577e-02, PNorm = 34.6108, GNorm = 0.7281, lr_0 = 3.6500e-04
Validation rmse = 0.104869
Epoch 67
Validation rmse = 0.105625
Epoch 68
Loss = 1.3570e-02, PNorm = 34.6183, GNorm = 3.1139, lr_0 = 3.5112e-04
Loss = 4.9790e-03, PNorm = 34.6189, GNorm = 0.3873, lr_0 = 3.4976e-04
Validation rmse = 0.101362
Epoch 69
Validation rmse = 0.104726
Epoch 70
Validation rmse = 0.110543
Epoch 71
Loss = 1.4156e-02, PNorm = 34.6259, GNorm = 2.6971, lr_0 = 3.3646e-04
Validation rmse = 0.116391
Epoch 72
Validation rmse = 0.109375
Epoch 73
Validation rmse = 0.105281
Epoch 74
Loss = 1.8983e-02, PNorm = 34.6334, GNorm = 0.3844, lr_0 = 3.2242e-04
Validation rmse = 0.103051
Epoch 75
Validation rmse = 0.103592
Epoch 76
Loss = 5.0201e-03, PNorm = 34.6388, GNorm = 0.3186, lr_0 = 3.1016e-04
Validation rmse = 0.104617
Epoch 77
Validation rmse = 0.104049
Epoch 78
Validation rmse = 0.100148
Epoch 79
Loss = 1.0117e-02, PNorm = 34.6441, GNorm = 1.1072, lr_0 = 2.9721e-04
Validation rmse = 0.106700
Epoch 80
Validation rmse = 0.106046
Epoch 81
Loss = 8.7117e-03, PNorm = 34.6498, GNorm = 0.8990, lr_0 = 2.8591e-04
Validation rmse = 0.105107
Epoch 82
Validation rmse = 0.103768
Epoch 83
Validation rmse = 0.099860
Epoch 84
Loss = 8.5274e-03, PNorm = 34.6549, GNorm = 0.2338, lr_0 = 2.7397e-04
Validation rmse = 0.103634
Epoch 85
Validation rmse = 0.102827
Epoch 86
Validation rmse = 0.099913
Epoch 87
Loss = 8.9737e-03, PNorm = 34.6604, GNorm = 0.2423, lr_0 = 2.6254e-04
Validation rmse = 0.098355
Epoch 88
Validation rmse = 0.097773
Epoch 89
Loss = 7.2923e-03, PNorm = 34.6652, GNorm = 1.2154, lr_0 = 2.5256e-04
Validation rmse = 0.105507
Epoch 90
Validation rmse = 0.104502
Epoch 91
Validation rmse = 0.100977
Epoch 92
Loss = 7.6672e-03, PNorm = 34.6701, GNorm = 0.2886, lr_0 = 2.4201e-04
Validation rmse = 0.099005
Epoch 93
Validation rmse = 0.099748
Epoch 94
Validation rmse = 0.101558
Epoch 95
Loss = 3.7094e-03, PNorm = 34.6746, GNorm = 0.6074, lr_0 = 2.3281e-04
Validation rmse = 0.103953
Epoch 96
Validation rmse = 0.105332
Epoch 97
Loss = 7.3399e-03, PNorm = 34.6793, GNorm = 0.8223, lr_0 = 2.2309e-04
Validation rmse = 0.101529
Epoch 98
Validation rmse = 0.097859
Epoch 99
Validation rmse = 0.100044
Epoch 100
Loss = 9.4732e-03, PNorm = 34.6836, GNorm = 0.9978, lr_0 = 2.1461e-04
Validation rmse = 0.099497
Epoch 101
Validation rmse = 0.096689
Epoch 102
Validation rmse = 0.094173
Epoch 103
Loss = 8.7068e-03, PNorm = 34.6880, GNorm = 1.1263, lr_0 = 2.0565e-04
Validation rmse = 0.093675
Epoch 104
Validation rmse = 0.100610
Epoch 105
Loss = 5.7425e-03, PNorm = 34.6919, GNorm = 1.5452, lr_0 = 1.9783e-04
Loss = 1.1082e-02, PNorm = 34.6923, GNorm = 0.1932, lr_0 = 1.9707e-04
Validation rmse = 0.101405
Epoch 106
Validation rmse = 0.096792
Epoch 107
Validation rmse = 0.095832
Epoch 108
Loss = 5.1803e-03, PNorm = 34.6959, GNorm = 0.2424, lr_0 = 1.8957e-04
Validation rmse = 0.096379
Epoch 109
Validation rmse = 0.097094
Epoch 110
Validation rmse = 0.100618
Epoch 111
Loss = 6.1980e-03, PNorm = 34.7000, GNorm = 0.5792, lr_0 = 1.8166e-04
Validation rmse = 0.095408
Epoch 112
Validation rmse = 0.092952
Epoch 113
Loss = 7.8557e-03, PNorm = 34.7036, GNorm = 0.9850, lr_0 = 1.7475e-04
Validation rmse = 0.096020
Epoch 114
Validation rmse = 0.102332
Epoch 115
Validation rmse = 0.097756
Epoch 116
Loss = 4.4859e-03, PNorm = 34.7072, GNorm = 2.3336, lr_0 = 1.6746e-04
Validation rmse = 0.093380
Epoch 117
Validation rmse = 0.093719
Epoch 118
Validation rmse = 0.097534
Epoch 119
Loss = 3.2391e-03, PNorm = 34.7105, GNorm = 0.5848, lr_0 = 1.6047e-04
Validation rmse = 0.093723
Epoch 120
Validation rmse = 0.095580
Epoch 121
Loss = 6.4021e-03, PNorm = 34.7135, GNorm = 0.0989, lr_0 = 1.5437e-04
Validation rmse = 0.098637
Epoch 122
Validation rmse = 0.093967
Epoch 123
Validation rmse = 0.095844
Epoch 124
Loss = 7.5252e-03, PNorm = 34.7168, GNorm = 1.0035, lr_0 = 1.4792e-04
Validation rmse = 0.096327
Epoch 125
Validation rmse = 0.091778
Epoch 126
Loss = 5.8943e-03, PNorm = 34.7197, GNorm = 0.7509, lr_0 = 1.4230e-04
Validation rmse = 0.097456
Epoch 127
Validation rmse = 0.094253
Epoch 128
Validation rmse = 0.090694
Epoch 129
Loss = 7.0800e-03, PNorm = 34.7226, GNorm = 0.9403, lr_0 = 1.3636e-04
Validation rmse = 0.095784
Epoch 130
Validation rmse = 0.097728
Epoch 131
Validation rmse = 0.091968
Epoch 132
Loss = 9.8103e-03, PNorm = 34.7252, GNorm = 1.3358, lr_0 = 1.3117e-04
Validation rmse = 0.093334
Epoch 133
Validation rmse = 0.093808
Epoch 134
Loss = 5.2971e-03, PNorm = 34.7278, GNorm = 0.1560, lr_0 = 1.2570e-04
Validation rmse = 0.093664
Epoch 135
Validation rmse = 0.093801
Epoch 136
Validation rmse = 0.093513
Epoch 137
Loss = 8.0525e-03, PNorm = 34.7301, GNorm = 0.3878, lr_0 = 1.2092e-04
Validation rmse = 0.091664
Epoch 138
Validation rmse = 0.094951
Epoch 139
Validation rmse = 0.090725
Epoch 140
Loss = 1.1349e-02, PNorm = 34.7325, GNorm = 1.1207, lr_0 = 1.1587e-04
Validation rmse = 0.091132
Epoch 141
Validation rmse = 0.091756
Epoch 142
Loss = 4.9417e-03, PNorm = 34.7347, GNorm = 0.3297, lr_0 = 1.1103e-04
Validation rmse = 0.092420
Epoch 143
Validation rmse = 0.092983
Epoch 144
Validation rmse = 0.094101
Epoch 145
Loss = 5.0201e-03, PNorm = 34.7366, GNorm = 0.2885, lr_0 = 1.0681e-04
Validation rmse = 0.091221
Epoch 146
Validation rmse = 0.093655
Epoch 147
Validation rmse = 0.090646
Epoch 148
Loss = 8.5924e-03, PNorm = 34.7386, GNorm = 0.9587, lr_0 = 1.0235e-04
Validation rmse = 0.094781
Epoch 149
Validation rmse = 0.091031
Epoch 150
Loss = 6.2848e-03, PNorm = 34.7405, GNorm = 1.0950, lr_0 = 1.0000e-04
Loss = 2.0279e-03, PNorm = 34.7407, GNorm = 0.1703, lr_0 = 1.0000e-04
Validation rmse = 0.091008
Epoch 151
Validation rmse = 0.092627
Epoch 152
Validation rmse = 0.090418
Epoch 153
Loss = 4.5130e-03, PNorm = 34.7425, GNorm = 0.1958, lr_0 = 1.0000e-04
Validation rmse = 0.093006
Epoch 154
Validation rmse = 0.091844
Epoch 155
Validation rmse = 0.091786
Epoch 156
Loss = 8.6208e-03, PNorm = 34.7445, GNorm = 0.1304, lr_0 = 1.0000e-04
Validation rmse = 0.090238
Epoch 157
Validation rmse = 0.090926
Epoch 158
Loss = 5.7719e-03, PNorm = 34.7464, GNorm = 0.2661, lr_0 = 1.0000e-04
Validation rmse = 0.090986
Epoch 159
Validation rmse = 0.090556
Epoch 160
Validation rmse = 0.091481
Epoch 161
Loss = 6.9134e-03, PNorm = 34.7483, GNorm = 0.3007, lr_0 = 1.0000e-04
Validation rmse = 0.092103
Epoch 162
Validation rmse = 0.089987
Epoch 163
Loss = 4.7524e-03, PNorm = 34.7502, GNorm = 0.5041, lr_0 = 1.0000e-04
Validation rmse = 0.089892
Epoch 164
Validation rmse = 0.089299
Epoch 165
Validation rmse = 0.090306
Epoch 166
Loss = 4.2034e-03, PNorm = 34.7522, GNorm = 0.6986, lr_0 = 1.0000e-04
Validation rmse = 0.094160
Epoch 167
Validation rmse = 0.090012
Epoch 168
Validation rmse = 0.088473
Epoch 169
Loss = 2.4939e-03, PNorm = 34.7540, GNorm = 0.3641, lr_0 = 1.0000e-04
Validation rmse = 0.090215
Epoch 170
Validation rmse = 0.090733
Epoch 171
Loss = 4.5472e-03, PNorm = 34.7561, GNorm = 0.3500, lr_0 = 1.0000e-04
Validation rmse = 0.089376
Epoch 172
Validation rmse = 0.091029
Epoch 173
Validation rmse = 0.090958
Epoch 174
Loss = 5.2649e-03, PNorm = 34.7583, GNorm = 0.4634, lr_0 = 1.0000e-04
Validation rmse = 0.089904
Epoch 175
Validation rmse = 0.089798
Epoch 176
Validation rmse = 0.093049
Epoch 177
Loss = 7.1795e-03, PNorm = 34.7602, GNorm = 0.8019, lr_0 = 1.0000e-04
Validation rmse = 0.088488
Epoch 178
Validation rmse = 0.090197
Epoch 179
Loss = 4.8386e-03, PNorm = 34.7623, GNorm = 0.7445, lr_0 = 1.0000e-04
Validation rmse = 0.094261
Epoch 180
Validation rmse = 0.087712
Epoch 181
Validation rmse = 0.090927
Epoch 182
Loss = 4.1358e-03, PNorm = 34.7643, GNorm = 0.5398, lr_0 = 1.0000e-04
Validation rmse = 0.090276
Epoch 183
Validation rmse = 0.088607
Epoch 184
Validation rmse = 0.090911
Epoch 185
Loss = 2.0514e-03, PNorm = 34.7663, GNorm = 0.1559, lr_0 = 1.0000e-04
Validation rmse = 0.093507
Epoch 186
Validation rmse = 0.087784
Epoch 187
Loss = 2.8539e-03, PNorm = 34.7684, GNorm = 0.3927, lr_0 = 1.0000e-04
Loss = 1.1449e-02, PNorm = 34.7686, GNorm = 0.5631, lr_0 = 1.0000e-04
Validation rmse = 0.092517
Epoch 188
Validation rmse = 0.090157
Epoch 189
Validation rmse = 0.088312
Epoch 190
Loss = 6.6306e-03, PNorm = 34.7706, GNorm = 0.4869, lr_0 = 1.0000e-04
Validation rmse = 0.088392
Epoch 191
Validation rmse = 0.092450
Epoch 192
Validation rmse = 0.089014
Epoch 193
Loss = 7.1886e-03, PNorm = 34.7728, GNorm = 0.9446, lr_0 = 1.0000e-04
Validation rmse = 0.087198
Epoch 194
Validation rmse = 0.093613
Epoch 195
Loss = 2.5855e-03, PNorm = 34.7746, GNorm = 0.4393, lr_0 = 1.0000e-04
Validation rmse = 0.088544
Epoch 196
Validation rmse = 0.087117
Epoch 197
Validation rmse = 0.090477
Epoch 198
Loss = 6.1096e-03, PNorm = 34.7767, GNorm = 1.1213, lr_0 = 1.0000e-04
Validation rmse = 0.087216
Epoch 199
Validation rmse = 0.087281
Model 0 best validation rmse = 0.087117 on epoch 196
Loading pretrained parameter "encoder.encoder.0.cached_zero_vector".
Loading pretrained parameter "encoder.encoder.0.W_i.weight".
Loading pretrained parameter "encoder.encoder.0.W_h.weight".
Loading pretrained parameter "encoder.encoder.0.W_o.weight".
Loading pretrained parameter "encoder.encoder.0.W_o.bias".
Loading pretrained parameter "readout.1.weight".
Loading pretrained parameter "readout.1.bias".
Loading pretrained parameter "readout.4.weight".
Loading pretrained parameter "readout.4.bias".
Moving model to cuda
Model 0 test rmse = 0.066632
Ensemble test rmse = 0.066632
5-fold cross validation
	Seed 42 ==> test rmse = 0.304839
	Seed 43 ==> test rmse = 0.128077
	Seed 44 ==> test rmse = 0.103843
	Seed 45 ==> test rmse = 0.118429
	Seed 46 ==> test rmse = 0.066632
Overall test rmse = 0.144364 +/- 0.082915
Elapsed time = 0:01:40
