                                                                                      
                                       ``:oss/                                        
                           `.+s+.     .+ys--yh+     `./ss+.                           
                          -sh//yy+`   +yy   +yy    -+h+-oyy                           
                          -yh- .oyy/.-sh.   .syo-.:sy-  /yh                           
                 `.-.`    `yh+   -oyyyo.     `/syys:    oys      `.`                  
               `/+ssys+-` `sh+      `                   oys`   .:osyo`                
               -yh- ./syyooyo`                          .sys+/oyo--yh/                
               `yy+    .-:-.                             `-/+/:`  -sh-                
                /yh.                                              oys                 
          ``..---hho---------`   .---------..`      `.-----.`    -hd+---.             
       `./osmNMMMMMMMMMMMMMMMs. +NNMMMMMMMMNNmh+.   yNMMMMMNm-  oNMMMMMNmo++:`        
       +sy--/sdMMMhyyyyyyyNMMh- .oyNMMmyyyyyhNMMm+` -yMMMdyyo:` .oyyNMMNhs+syy`       
       -yy/   /MMM+.`-+/``mMMy-   `mMMh:`````.dMMN:` `MMMy-`-dhhy```mMMy:``+hs        
        -yy+` /MMMo:-mMM+`-oo/.    mMMh:     `dMMN/`  dMMm:`dMMMMy..MMMo-.+yo`        
         .sys`/MMMMNNMMMs-         mMMmyooooymMMNo:   oMMM/sMMMMMM++MMN//oh:          
          `sh+/MMMhyyMMMs- `-`     mMMMMMMMMMNmy+-`   -MMMhMMMsmMMmdMMd/yy+           
    `-/+++oyy-/MMM+.`/hh/.`mNm:`   mMMd+/////:-.`      NMMMMMd/:NMMMMMy:/yyo/:.`      
   +os+//:-..-oMMMo:--:::-/MMMo. .-mMMd+---`           hMMMMN+. oMMMMMo. `-+osyso:`   
   syo     `mNMMMMMNNNNNNNNMMMo.oNNMMMMMNNNN:`         +MMMMs:`  dMMMN/`     ``:syo   
   /yh`     :syyyyyyyyyyyyyyyy+.`+syyyyyyyyo:`         .oyys:`   .oyys:`        +yh   
   -yh-        ````````````````    `````````              ``        ``          oys   
   -+h/------------------------::::::::://////++++++++++++++++++++++///////::::/yd:   
   shdddddddddddddddddddddddddddddhhhhhhhhyyyyyssssssssssssssssyyyyyyyhhhhhhhddddh`   
                                                                                      
 Lee, H., Poncé, S., Bushick, K., Hajinazar, S., Lafuente-Bartolome, J.,Leveillee, J.,
    Lian, C., Lihm, J., Macheda, F., Mori, H., Paudyal, H., Sio, W., Tiwari, S.,      
 Zacharias, M., Zhang, X., Bonini, N., Kioupakis, E., Margine, E.R., and Giustino F., 
                                                     npj Comput Mater 9, 156 (2023)   
                                                                                      

     Program EPW v.5.8 starts on 21May2025 at 11: 8:44 

     This program is part of the open-source Quantum ESPRESSO suite
     for quantum simulation of materials; please cite
         "P. Giannozzi et al., J. Phys.:Condens. Matter 21 395502 (2009);
         "P. Giannozzi et al., J. Phys.:Condens. Matter 29 465901 (2017);
         "P. Giannozzi et al., J. Chem. Phys. 152 154105 (2020);
          URL http://www.quantum-espresso.org", 
     in publications or presentations arising from this work. More details at
     http://www.quantum-espresso.org/quote

     Parallel version (MPI), running on     1 processors

     MPI processes distributed on     1 nodes
     248937 MiB available memory on the printing compute node when the environment starts
 
     Reading input from epw2.in

     Generating evenly spaced temperature list.
                      
     ------------------------------------------------------------------------ 
                   RESTART - RESTART - RESTART - RESTART                         
     Restart is done without reading PWSCF save file.                  
     Be aware that some consistency checks are therefore not done.                  
     ------------------------------------------------------------------------ 
                      

     --                                                                         

     bravais-lattice index     =            0
     lattice parameter (a_0)   =       0.0000  a.u.
     unit-cell volume          =       0.0000 (a.u.)^3
     number of atoms/cell      =            0
     number of atomic types    =            0
     kinetic-energy cut-off    =       0.0000  Ry
     charge density cut-off    =       0.0000  Ry
     Exchange-correlation= not set
                           (  -1  -1  -1  -1  -1  -1  -1)


     celldm(1)=    0.00000  celldm(2)=    0.00000  celldm(3)=    0.00000
     celldm(4)=    0.00000  celldm(5)=    0.00000  celldm(6)=    0.00000

     crystal axes: (cart. coord. in units of a_0)
               a(1) = (  0.0000  0.0000  0.0000 )  
               a(2) = (  0.0000  0.0000  0.0000 )  
               a(3) = (  0.0000  0.0000  0.0000 )  

     reciprocal axes: (cart. coord. in units 2 pi/a_0)
               b(1) = (  0.0000  0.0000  0.0000 )  
               b(2) = (  0.0000  0.0000  0.0000 )  
               b(3) = (  0.0000  0.0000  0.0000 )  


     Atoms inside the unit cell: 

   Cartesian axes

     site n.  atom      mass           positions (a_0 units)

 
     No symmetry!

     G cutoff =    0.0000  (      0 G-vectors)     FFT grid: (  0,  0,  0)
     number of k points=    0
                       cart. coord. in units 2pi/a_0

     ===================================================================
     Solve isotropic Eliashberg equations
     ===================================================================


     Finish reading a2f file

     Electron-phonon coupling strength =    1.4494400
 
     Estimated Allen-Dynes Tc =     3.101474 K for muc =    0.10000
  
     Estimated w_log in Allen-Dynes Tc =     2.423583 meV
  
     Estimated BCS superconducting gap =     0.470385 meV
  
     Estimated Tc from machine learning model =     4.130068 K
  
  
     WARNING WARNING WARNING 
  
     The code may crash since tempsmax =    5.250 K is larger than Allen-Dynes Tc =     3.101 K

     Start: Solving (isotropic) linearized Eliashberg equation with solver = power 

     For the first Temp.    0.25  K
       Total number of frequency points nsiw(     1) =    739
       Cutoff frequency wscut =     0.1001

     Superconducting transition temp. Tc is the one which has Max. eigenvalue close to 1
      -----------------------------------------------------------------
             Temp.       Max.         nsiw     wscut    Nr. of iters
             (K)       eigenvalue    (itemp)   (eV)      to Converge
      -----------------------------------------------------------------
             0.25      4.3168303      739      0.1001        6
             0.50      3.4638467      369      0.1000        7
             0.75      2.9763228      246      0.1001        7
             1.00      2.6371434      185      0.1004        7
             1.25      2.3782053      148      0.1005        8
             1.50      2.1704911      123      0.1003        8
             1.75      1.9983147      106      0.1009        9
             2.00      1.8512079       92      0.1002        9
             2.25      1.7232491       82      0.1005       10
             2.50      1.6112278       74      0.1008       11
             2.75      1.5112200       67      0.1005       11
             3.00      1.4211722       62      0.1015       12
             3.25      1.3400422       57      0.1012       13
             3.50      1.2656234       53      0.1014       14
             3.75      1.1975345       49      0.1005       16
             4.00      1.1351748       46      0.1007       17
             4.25      1.0769208       43      0.1001       18
             4.50      1.0233708       41      0.1011       20
             4.75      0.9734213       39      0.1016       22
             5.00      0.9266772       37      0.1015       24
             5.25      0.8830377       35      0.1009       27
      -----------------------------------------------------------------
     Finish: Solving (isotropic) linearized Eliashberg equation


     Unfolding on the coarse grid

     INITIALIZATION: 




     Electron-Phonon interpolation


     ELIASHBERG   :      0.90s CPU      0.90s WALL (       1 calls)

     Total program execution
     EPW          :      0.90s CPU      0.90s WALL

     % Copyright (C) 2016-2023 EPW-Collaboration                                    
                                                                                    
     ===============================================================================
     Please consider citing the following papers.                                   
                                                                                                 
     % Paper describing the method on which EPW relies                                           
       F. Giustino and M. L. Cohen and S. G. Louie, Phys. Rev. B 76, 165108 (2007)               
                                                                                                 
     % Papers describing the EPW software                                                        
       H. Lee et al., npj Comput. Mater. 9, 156 (2023)                                           
       S. Ponc\'e, E.R. Margine, C. Verdi and F. Giustino, Comput. Phys. Commun. 209, 116 (2016) 
       J. Noffsinger et al., Comput. Phys. Commun. 181, 2140 (2010)                              
                                                                                                 
                                                                                             
     % Since you used the [eliashberg] input, please consider also citing                    
       E. R. Margine and F. Giustino, Phys. Rev. B 87, 024505 (2013)                         
                                                                                    
     For your convenience, this information is also reported in the                 
     functionality-dependent EPW.bib file.                                          
     ===============================================================================
                                                                                    
